<?xml version="1.0" encoding="UTF-8" ?>
<testsuite errors="0" failures="0" hostname="yt00678" name="com.augmentum.controller.QuestionControllerTest" skipped="0" tests="16" time="6.406" timestamp="2016-11-20T03:47:01">
  <properties>
[...]
</properties>
  <testcase classname="com.augmentum.controller.QuestionControllerTest" name="deleteQuestionValidationFailed" time="5.874" />
  <testcase classname="com.augmentum.controller.QuestionControllerTest" name="deleteQuestionFailed" time="0.203" />
  <testcase classname="com.augmentum.controller.QuestionControllerTest" name="getQuestionSuccessful" time="0.078" />
  <testcase classname="com.augmentum.controller.QuestionControllerTest" name="editQuestionNotReferSuccessful" time="0.016" />
  <testcase classname="com.augmentum.controller.QuestionControllerTest" name="deleteQuestionSuccessful" time="0.0" />
  <testcase classname="com.augmentum.controller.QuestionControllerTest" name="editQuestionReferSuccessful" time="0.031" />
  <testcase classname="com.augmentum.controller.QuestionControllerTest" name="editQuestionDeletedAlready" time="0.016" />
  <testcase classname="com.augmentum.controller.QuestionControllerTest" name="addQuestionValidationFailed" time="0.0" />
  <testcase classname="com.augmentum.controller.QuestionControllerTest" name="addQuestionValidationLengthFailed" time="0.016" />
  <testcase classname="com.augmentum.controller.QuestionControllerTest" name="editQuestionValidationFailed" time="0.0" />
  <testcase classname="com.augmentum.controller.QuestionControllerTest" name="getQuestionUnSuccessful" time="0.015" />
  <testcase classname="com.augmentum.controller.QuestionControllerTest" name="addQuestionValidationRepeatFailed" time="0.016" />
  <testcase classname="com.augmentum.controller.QuestionControllerTest" name="findQuestionListSuccessful" time="0.015" />
  <testcase classname="com.augmentum.controller.QuestionControllerTest" name="addQuestionSuccessful" time="0.016" />
  <testcase classname="com.augmentum.controller.QuestionControllerTest" name="getQuestionValidationFailed2" time="0.016" />
  <testcase classname="com.augmentum.controller.QuestionControllerTest" name="getQuestionValidationFailed1" time="0.0" />
  <system-out><![CDATA[2016-11-20 11:47:01,890 INFO  XmlBeanDefinitionReader - Loading XML bean definitions from class path resource [applicationContext.xml]
2016-11-20 11:47:02,234 INFO  XmlBeanDefinitionReader - Loading XML bean definitions from class path resource [oes-mvc.xml]
2016-11-20 11:47:02,390 INFO  ClassPathBeanDefinitionScanner - JSR-250 'javax.annotation.ManagedBean' found and supported for component scanning
2016-11-20 11:47:02,562 INFO  GenericApplicationContext - Refreshing org.springframework.context.support.GenericApplicationContext@45105c: startup date [Sun Nov 20 11:47:02 CST 2016]; root of context hierarchy
2016-11-20 11:47:02,875 INFO  PropertyPlaceholderConfigurer - Loading properties file from class path resource [app.properties]
2016-11-20 11:47:02,953 INFO  DefaultListableBeanFactory - Pre-instantiating singletons in org.springframework.beans.factory.support.DefaultListableBeanFactory@9fbdd7: defining beans [org.springframework.beans.factory.config.PropertyPlaceholderConfigurer#0,dataSource,transactionManager,txAdvice,org.springframework.aop.config.internalAutoProxyCreator,org.springframework.aop.aspectj.AspectJPointcutAdvisor#0,org.springframework.aop.aspectj.AspectJPointcutAdvisor#1,org.springframework.aop.aspectj.AspectJPointcutAdvisor#2,org.springframework.aop.aspectj.AspectJPointcutAdvisor#3,businessService,logMethodTimeAdvice,userController,userService,questionController,questionService,examController,examService,sqlSessionFactory,sqlSessionTemplate,baseDao,userDao,examDao,questionDao,org.springframework.web.servlet.mvc.method.annotation.RequestMappingHandlerMapping#0,org.springframework.format.support.FormattingConversionServiceFactoryBean#0,org.springframework.web.servlet.mvc.method.annotation.RequestMappingHandlerAdapter#0,org.springframework.web.servlet.handler.MappedInterceptor#0,org.springframework.web.servlet.mvc.method.annotation.ExceptionHandlerExceptionResolver#0,org.springframework.web.servlet.mvc.annotation.ResponseStatusExceptionResolver#0,org.springframework.web.servlet.mvc.support.DefaultHandlerExceptionResolver#0,org.springframework.web.servlet.handler.BeanNameUrlHandlerMapping,org.springframework.web.servlet.mvc.HttpRequestHandlerAdapter,org.springframework.web.servlet.mvc.SimpleControllerHandlerAdapter,org.springframework.web.servlet.resource.ResourceHttpRequestHandler#0,org.springframework.web.servlet.handler.SimpleUrlHandlerMapping#0,org.springframework.context.annotation.internalConfigurationAnnotationProcessor,org.springframework.context.annotation.internalAutowiredAnnotationProcessor,org.springframework.context.annotation.internalRequiredAnnotationProcessor,org.springframework.context.annotation.internalCommonAnnotationProcessor,viewResolver,org.springframework.context.annotation.ConfigurationClassPostProcessor$ImportAwareBeanPostProcessor#0]; root of factory hierarchy
2016-11-20 11:47:03,421 INFO  MLog - MLog clients using log4j logging.
2016-11-20 11:47:03,625 INFO  C3P0Registry - Initializing c3p0-0.9.2.1 [built 20-March-2013 10:47:27 +0000; debug? true; trace: 10]
2016-11-20 11:47:04,828 INFO  AbstractPoolBackedDataSource - Initializing c3p0 pool... com.mchange.v2.c3p0.ComboPooledDataSource [ acquireIncrement -> 3, acquireRetryAttempts -> 30, acquireRetryDelay -> 1000, autoCommitOnClose -> false, automaticTestTable -> null, breakAfterAcquireFailure -> false, checkoutTimeout -> 0, connectionCustomizerClassName -> null, connectionTesterClassName -> com.mchange.v2.c3p0.impl.DefaultConnectionTester, dataSourceName -> 31t9vp9kzh033gr8663s|1df092e, debugUnreturnedConnectionStackTraces -> false, description -> null, driverClass -> com.mysql.jdbc.Driver, factoryClassLocation -> null, forceIgnoreUnresolvedTransactions -> false, identityToken -> 31t9vp9kzh033gr8663s|1df092e, idleConnectionTestPeriod -> 0, initialPoolSize -> 5, jdbcUrl -> jdbc:mysql://localhost:3306/oes?useUnicode=true&characterEncoding=utf-8&allowMultiQueries=true, maxAdministrativeTaskTime -> 0, maxConnectionAge -> 0, maxIdleTime -> 0, maxIdleTimeExcessConnections -> 0, maxPoolSize -> 20, maxStatements -> 0, maxStatementsPerConnection -> 0, minPoolSize -> 5, numHelperThreads -> 3, preferredTestQuery -> null, properties -> {user=******, password=******}, propertyCycle -> 0, statementCacheNumDeferredCloseThreads -> 0, testConnectionOnCheckin -> false, testConnectionOnCheckout -> false, unreturnedConnectionTimeout -> 0, userOverrides -> {}, usesTraditionalReflectiveProxies -> false ]
2016-11-20 11:47:06,187 INFO  RequestMappingHandlerMapping - Mapped "{[/page/user/login],methods=[POST],params=[],headers=[],consumes=[],produces=[],custom=[]}" onto public org.springframework.web.servlet.ModelAndView com.augmentum.controller.UserController.login(com.augmentum.model.User,javax.servlet.http.HttpServletResponse,java.lang.String,java.lang.String,java.lang.String,javax.servlet.http.Cookie,javax.servlet.http.Cookie) throws javax.servlet.ServletException,java.io.IOException
2016-11-20 11:47:06,187 INFO  RequestMappingHandlerMapping - Mapped "{[/page/user/logout],methods=[GET],params=[],headers=[],consumes=[],produces=[],custom=[]}" onto public org.springframework.web.servlet.ModelAndView com.augmentum.controller.UserController.logout()
2016-11-20 11:47:06,187 INFO  RequestMappingHandlerMapping - Mapped "{[/page/user/login],methods=[GET],params=[],headers=[],consumes=[],produces=[],custom=[]}" onto public org.springframework.web.servlet.ModelAndView com.augmentum.controller.UserController.toLogin(java.lang.String)
2016-11-20 11:47:06,203 INFO  RequestMappingHandlerMapping - Mapped "{[/page/question/addOrEditQuestion],methods=[POST],params=[],headers=[],consumes=[],produces=[],custom=[]}" onto public java.lang.Object com.augmentum.controller.QuestionController.addOrEditQuestion(com.augmentum.model.Question)
2016-11-20 11:47:06,203 INFO  RequestMappingHandlerMapping - Mapped "{[/page/question/deleteQuestion],methods=[POST],params=[],headers=[],consumes=[],produces=[],custom=[]}" onto public java.lang.Object com.augmentum.controller.QuestionController.deleteQuestion(java.lang.String[])
2016-11-20 11:47:06,203 INFO  RequestMappingHandlerMapping - Mapped "{[/page/question/queryQuestionList],methods=[POST],params=[],headers=[],consumes=[],produces=[],custom=[]}" onto public java.lang.Object com.augmentum.controller.QuestionController.queryQuestionList(java.lang.String,java.lang.String,java.lang.String,java.lang.String)
2016-11-20 11:47:06,203 INFO  RequestMappingHandlerMapping - Mapped "{[/page/question/toEdit],methods=[POST],params=[],headers=[],consumes=[],produces=[],custom=[]}" onto public java.lang.Object com.augmentum.controller.QuestionController.toEdit(java.lang.String,com.augmentum.model.Question) throws java.io.IOException
2016-11-20 11:47:06,203 INFO  RequestMappingHandlerMapping - Mapped "{[/page/question/toQuestionList],methods=[GET],params=[],headers=[],consumes=[],produces=[],custom=[]}" onto public org.springframework.web.servlet.ModelAndView com.augmentum.controller.QuestionController.toQuestionList()
2016-11-20 11:47:06,203 INFO  RequestMappingHandlerMapping - Mapped "{[/page/exam/addExam],methods=[POST],params=[],headers=[],consumes=[],produces=[],custom=[]}" onto public java.lang.Object com.augmentum.controller.ExamController.addExam(java.lang.String,java.lang.String,java.lang.String,java.lang.String,java.lang.String,java.lang.String,java.lang.String,java.lang.String,java.lang.Boolean,java.lang.String,java.lang.String)
2016-11-20 11:47:06,203 INFO  RequestMappingHandlerMapping - Mapped "{[/page/exam/queryExamList],methods=[POST],params=[],headers=[],consumes=[],produces=[],custom=[]}" onto public java.lang.Object com.augmentum.controller.ExamController.queryExamList(java.lang.String,java.lang.String,java.lang.String,java.lang.String,java.lang.String,java.lang.String)
2016-11-20 11:47:07,327 INFO  SimpleUrlHandlerMapping - Mapped URL path [/static/**] onto handler 'org.springframework.web.servlet.resource.ResourceHttpRequestHandler#0'
2016-11-20 11:47:07,468 INFO  TransactionalTestExecutionListener - Began transaction (1): transaction manager [org.springframework.jdbc.datasource.DataSourceTransactionManager@c06f9a]; rollback [true]
2016-11-20 11:47:07,484 INFO  LogMethodTimeAspect - Jasper.Yue IN method: deleteQuestion
2016-11-20 11:47:07,531 INFO  LogMethodTimeAspect - Jasper.Yue OUT method: deleteQuestion
2016-11-20 11:47:07,531 INFO  LogMethodTimeAspect - Jasper.Yue IN method: deleteQuestion Throw Exception No any entity Question selected.
2016-11-20 11:47:07,531 INFO  BaseController - com.augmentum.model.User@ffcd6fNo any entity Question selected.
com.augmentum.exception.ParamException: No any entity Question selected.
	at com.augmentum.service.impl.QuestionServiceImpl.deleteQuestion(QuestionServiceImpl.java:76)
	at com.augmentum.service.impl.QuestionServiceImpl$$FastClassByCGLIB$$d7ca49cc.invoke(<generated>)
	at net.sf.cglib.proxy.MethodProxy.invoke(MethodProxy.java:191)
	at org.springframework.aop.framework.Cglib2AopProxy$CglibMethodInvocation.invokeJoinpoint(Cglib2AopProxy.java:689)
	at org.springframework.aop.framework.ReflectiveMethodInvocation.proceed(ReflectiveMethodInvocation.java:150)
	at org.springframework.aop.framework.adapter.MethodBeforeAdviceInterceptor.invoke(MethodBeforeAdviceInterceptor.java:50)
	at org.springframework.aop.framework.ReflectiveMethodInvocation.proceed(ReflectiveMethodInvocation.java:172)
	at org.springframework.aop.aspectj.MethodInvocationProceedingJoinPoint.proceed(MethodInvocationProceedingJoinPoint.java:80)
	at com.augmentum.advice.LogMethodTimeAspect.doAround(LogMethodTimeAspect.java:31)
	at sun.reflect.NativeMethodAccessorImpl.invoke0(Native Method)
	at sun.reflect.NativeMethodAccessorImpl.invoke(NativeMethodAccessorImpl.java:57)
	at sun.reflect.DelegatingMethodAccessorImpl.invoke(DelegatingMethodAccessorImpl.java:43)
	at java.lang.reflect.Method.invoke(Method.java:606)
	at org.springframework.aop.aspectj.AbstractAspectJAdvice.invokeAdviceMethodWithGivenArgs(AbstractAspectJAdvice.java:621)
	at org.springframework.aop.aspectj.AbstractAspectJAdvice.invokeAdviceMethod(AbstractAspectJAdvice.java:610)
	at org.springframework.aop.aspectj.AspectJAroundAdvice.invoke(AspectJAroundAdvice.java:65)
	at org.springframework.aop.framework.ReflectiveMethodInvocation.proceed(ReflectiveMethodInvocation.java:172)
	at org.springframework.aop.aspectj.AspectJAfterAdvice.invoke(AspectJAfterAdvice.java:42)
	at org.springframework.aop.framework.ReflectiveMethodInvocation.proceed(ReflectiveMethodInvocation.java:172)
	at org.springframework.aop.aspectj.AspectJAfterThrowingAdvice.invoke(AspectJAfterThrowingAdvice.java:55)
	at org.springframework.aop.framework.ReflectiveMethodInvocation.proceed(ReflectiveMethodInvocation.java:172)
	at org.springframework.aop.interceptor.ExposeInvocationInterceptor.invoke(ExposeInvocationInterceptor.java:90)
	at org.springframework.aop.framework.ReflectiveMethodInvocation.proceed(ReflectiveMethodInvocation.java:172)
	at org.springframework.aop.framework.Cglib2AopProxy$DynamicAdvisedInterceptor.intercept(Cglib2AopProxy.java:622)
	at com.augmentum.service.impl.QuestionServiceImpl$$EnhancerByCGLIB$$afbbb483.deleteQuestion(<generated>)
	at com.augmentum.controller.QuestionController.deleteQuestion(QuestionController.java:129)
	at com.augmentum.controller.QuestionControllerTest.deleteQuestionValidationFailed(Unknown Source)
	at sun.reflect.NativeMethodAccessorImpl.invoke0(Native Method)
	at sun.reflect.NativeMethodAccessorImpl.invoke(NativeMethodAccessorImpl.java:57)
	at sun.reflect.DelegatingMethodAccessorImpl.invoke(DelegatingMethodAccessorImpl.java:43)
	at java.lang.reflect.Method.invoke(Method.java:606)
	at org.junit.runners.model.FrameworkMethod$1.runReflectiveCall(FrameworkMethod.java:44)
	at org.junit.internal.runners.model.ReflectiveCallable.run(ReflectiveCallable.java:15)
	at org.junit.runners.model.FrameworkMethod.invokeExplosively(FrameworkMethod.java:41)
	at org.junit.internal.runners.statements.InvokeMethod.evaluate(InvokeMethod.java:20)
	at org.junit.internal.runners.statements.RunBefores.evaluate(RunBefores.java:28)
	at org.springframework.test.context.junit4.statements.RunBeforeTestMethodCallbacks.evaluate(RunBeforeTestMethodCallbacks.java:74)
	at org.junit.internal.runners.statements.RunAfters.evaluate(RunAfters.java:31)
	at org.springframework.test.context.junit4.statements.RunAfterTestMethodCallbacks.evaluate(RunAfterTestMethodCallbacks.java:83)
	at org.springframework.test.context.junit4.statements.SpringRepeat.evaluate(SpringRepeat.java:72)
	at org.springframework.test.context.junit4.SpringJUnit4ClassRunner.runChild(SpringJUnit4ClassRunner.java:231)
	at org.springframework.test.context.junit4.SpringJUnit4ClassRunner.runChild(SpringJUnit4ClassRunner.java:88)
	at org.junit.runners.ParentRunner.runChildren(ParentRunner.java:180)
	at org.junit.runners.ParentRunner.access$000(ParentRunner.java:41)
	at org.junit.runners.ParentRunner$1.evaluate(ParentRunner.java:173)
	at org.junit.internal.runners.statements.RunBefores.evaluate(RunBefores.java:28)
	at org.springframework.test.context.junit4.statements.RunBeforeTestClassCallbacks.evaluate(RunBeforeTestClassCallbacks.java:61)
	at org.junit.internal.runners.statements.RunAfters.evaluate(RunAfters.java:31)
	at org.springframework.test.context.junit4.statements.RunAfterTestClassCallbacks.evaluate(RunAfterTestClassCallbacks.java:71)
	at org.junit.runners.ParentRunner.run(ParentRunner.java:220)
	at org.springframework.test.context.junit4.SpringJUnit4ClassRunner.run(SpringJUnit4ClassRunner.java:174)
	at junit.framework.JUnit4TestAdapter.run(JUnit4TestAdapter.java:39)
	at org.apache.tools.ant.taskdefs.optional.junit.JUnitTestRunner.run(JUnitTestRunner.java:523)
	at org.apache.tools.ant.taskdefs.optional.junit.JUnitTestRunner.launch(JUnitTestRunner.java:1063)
	at org.apache.tools.ant.taskdefs.optional.junit.JUnitTestRunner.main(JUnitTestRunner.java:914)
2016-11-20 11:47:07,546 INFO  TransactionalTestExecutionListener - Rolled back transaction after test execution for test context [TestContext@173ad86 testClass = QuestionControllerTest, testInstance = com.augmentum.controller.QuestionControllerTest@1853928, testMethod = deleteQuestionValidationFailed@QuestionControllerTest, testException = [null], mergedContextConfiguration = [MergedContextConfiguration@16b9ae8 testClass = QuestionControllerTest, locations = '{classpath:applicationContext.xml, classpath:oes-mvc.xml}', classes = '{}', contextInitializerClasses = '[]', activeProfiles = '{}', contextLoader = 'org.springframework.test.context.support.DelegatingSmartContextLoader', parent = [null]]]
2016-11-20 11:47:07,546 INFO  TransactionalTestExecutionListener - Began transaction (2): transaction manager [org.springframework.jdbc.datasource.DataSourceTransactionManager@c06f9a]; rollback [true]
2016-11-20 11:47:07,546 INFO  LogMethodTimeAspect - Jasper.Yue IN method: deleteQuestion
2016-11-20 11:47:07,671 DEBUG deleteQuestion - ooo Using Connection [com.mchange.v2.c3p0.impl.NewProxyConnection@1318a63]
2016-11-20 11:47:07,671 DEBUG deleteQuestion - ==>  Preparing: UPDATE question SET del_mark = 1 WHERE id IN ( ? , ? , ? ) 
2016-11-20 11:47:07,734 DEBUG deleteQuestion - ==> Parameters: 1(String), 2(String), 5(String)
2016-11-20 11:47:07,749 INFO  LogMethodTimeAspect - Jasper.Yue OUT method: deleteQuestion
2016-11-20 11:47:07,749 INFO  LogMethodTimeAspect - Jasper.Yue IN method: deleteQuestion Throw Exception Given 3, Finished 2.
2016-11-20 11:47:07,749 INFO  BaseController - com.augmentum.model.User@d57fc7Given 3, Finished 2.
com.augmentum.exception.ServiceException: Given 3, Finished 2.
	at com.augmentum.service.impl.QuestionServiceImpl.deleteQuestion(QuestionServiceImpl.java:90)
	at com.augmentum.service.impl.QuestionServiceImpl$$FastClassByCGLIB$$d7ca49cc.invoke(<generated>)
	at net.sf.cglib.proxy.MethodProxy.invoke(MethodProxy.java:191)
	at org.springframework.aop.framework.Cglib2AopProxy$CglibMethodInvocation.invokeJoinpoint(Cglib2AopProxy.java:689)
	at org.springframework.aop.framework.ReflectiveMethodInvocation.proceed(ReflectiveMethodInvocation.java:150)
	at org.springframework.aop.framework.adapter.MethodBeforeAdviceInterceptor.invoke(MethodBeforeAdviceInterceptor.java:50)
	at org.springframework.aop.framework.ReflectiveMethodInvocation.proceed(ReflectiveMethodInvocation.java:172)
	at org.springframework.aop.aspectj.MethodInvocationProceedingJoinPoint.proceed(MethodInvocationProceedingJoinPoint.java:80)
	at com.augmentum.advice.LogMethodTimeAspect.doAround(LogMethodTimeAspect.java:31)
	at sun.reflect.NativeMethodAccessorImpl.invoke0(Native Method)
	at sun.reflect.NativeMethodAccessorImpl.invoke(NativeMethodAccessorImpl.java:57)
	at sun.reflect.DelegatingMethodAccessorImpl.invoke(DelegatingMethodAccessorImpl.java:43)
	at java.lang.reflect.Method.invoke(Method.java:606)
	at org.springframework.aop.aspectj.AbstractAspectJAdvice.invokeAdviceMethodWithGivenArgs(AbstractAspectJAdvice.java:621)
	at org.springframework.aop.aspectj.AbstractAspectJAdvice.invokeAdviceMethod(AbstractAspectJAdvice.java:610)
	at org.springframework.aop.aspectj.AspectJAroundAdvice.invoke(AspectJAroundAdvice.java:65)
	at org.springframework.aop.framework.ReflectiveMethodInvocation.proceed(ReflectiveMethodInvocation.java:172)
	at org.springframework.aop.aspectj.AspectJAfterAdvice.invoke(AspectJAfterAdvice.java:42)
	at org.springframework.aop.framework.ReflectiveMethodInvocation.proceed(ReflectiveMethodInvocation.java:172)
	at org.springframework.aop.aspectj.AspectJAfterThrowingAdvice.invoke(AspectJAfterThrowingAdvice.java:55)
	at org.springframework.aop.framework.ReflectiveMethodInvocation.proceed(ReflectiveMethodInvocation.java:172)
	at org.springframework.aop.interceptor.ExposeInvocationInterceptor.invoke(ExposeInvocationInterceptor.java:90)
	at org.springframework.aop.framework.ReflectiveMethodInvocation.proceed(ReflectiveMethodInvocation.java:172)
	at org.springframework.aop.framework.Cglib2AopProxy$DynamicAdvisedInterceptor.intercept(Cglib2AopProxy.java:622)
	at com.augmentum.service.impl.QuestionServiceImpl$$EnhancerByCGLIB$$afbbb483.deleteQuestion(<generated>)
	at com.augmentum.controller.QuestionController.deleteQuestion(QuestionController.java:129)
	at com.augmentum.controller.QuestionControllerTest.deleteQuestionFailed(Unknown Source)
	at sun.reflect.NativeMethodAccessorImpl.invoke0(Native Method)
	at sun.reflect.NativeMethodAccessorImpl.invoke(NativeMethodAccessorImpl.java:57)
	at sun.reflect.DelegatingMethodAccessorImpl.invoke(DelegatingMethodAccessorImpl.java:43)
	at java.lang.reflect.Method.invoke(Method.java:606)
	at org.junit.runners.model.FrameworkMethod$1.runReflectiveCall(FrameworkMethod.java:44)
	at org.junit.internal.runners.model.ReflectiveCallable.run(ReflectiveCallable.java:15)
	at org.junit.runners.model.FrameworkMethod.invokeExplosively(FrameworkMethod.java:41)
	at org.junit.internal.runners.statements.InvokeMethod.evaluate(InvokeMethod.java:20)
	at org.junit.internal.runners.statements.RunBefores.evaluate(RunBefores.java:28)
	at org.springframework.test.context.junit4.statements.RunBeforeTestMethodCallbacks.evaluate(RunBeforeTestMethodCallbacks.java:74)
	at org.junit.internal.runners.statements.RunAfters.evaluate(RunAfters.java:31)
	at org.springframework.test.context.junit4.statements.RunAfterTestMethodCallbacks.evaluate(RunAfterTestMethodCallbacks.java:83)
	at org.springframework.test.context.junit4.statements.SpringRepeat.evaluate(SpringRepeat.java:72)
	at org.springframework.test.context.junit4.SpringJUnit4ClassRunner.runChild(SpringJUnit4ClassRunner.java:231)
	at org.springframework.test.context.junit4.SpringJUnit4ClassRunner.runChild(SpringJUnit4ClassRunner.java:88)
	at org.junit.runners.ParentRunner.runChildren(ParentRunner.java:180)
	at org.junit.runners.ParentRunner.access$000(ParentRunner.java:41)
	at org.junit.runners.ParentRunner$1.evaluate(ParentRunner.java:173)
	at org.junit.internal.runners.statements.RunBefores.evaluate(RunBefores.java:28)
	at org.springframework.test.context.junit4.statements.RunBeforeTestClassCallbacks.evaluate(RunBeforeTestClassCallbacks.java:61)
	at org.junit.internal.runners.statements.RunAfters.evaluate(RunAfters.java:31)
	at org.springframework.test.context.junit4.statements.RunAfterTestClassCallbacks.evaluate(RunAfterTestClassCallbacks.java:71)
	at org.junit.runners.ParentRunner.run(ParentRunner.java:220)
	at org.springframework.test.context.junit4.SpringJUnit4ClassRunner.run(SpringJUnit4ClassRunner.java:174)
	at junit.framework.JUnit4TestAdapter.run(JUnit4TestAdapter.java:39)
	at org.apache.tools.ant.taskdefs.optional.junit.JUnitTestRunner.run(JUnitTestRunner.java:523)
	at org.apache.tools.ant.taskdefs.optional.junit.JUnitTestRunner.launch(JUnitTestRunner.java:1063)
	at org.apache.tools.ant.taskdefs.optional.junit.JUnitTestRunner.main(JUnitTestRunner.java:914)
2016-11-20 11:47:07,749 INFO  TransactionalTestExecutionListener - Rolled back transaction after test execution for test context [TestContext@173ad86 testClass = QuestionControllerTest, testInstance = com.augmentum.controller.QuestionControllerTest@188e86b, testMethod = deleteQuestionFailed@QuestionControllerTest, testException = [null], mergedContextConfiguration = [MergedContextConfiguration@16b9ae8 testClass = QuestionControllerTest, locations = '{classpath:applicationContext.xml, classpath:oes-mvc.xml}', classes = '{}', contextInitializerClasses = '[]', activeProfiles = '{}', contextLoader = 'org.springframework.test.context.support.DelegatingSmartContextLoader', parent = [null]]]
2016-11-20 11:47:07,749 INFO  TransactionalTestExecutionListener - Began transaction (3): transaction manager [org.springframework.jdbc.datasource.DataSourceTransactionManager@c06f9a]; rollback [true]
2016-11-20 11:47:07,749 INFO  LogMethodTimeAspect - Jasper.Yue IN method: getQuestion
2016-11-20 11:47:07,765 DEBUG getQuestion - ooo Using Connection [com.mchange.v2.c3p0.impl.NewProxyConnection@15a66c9]
2016-11-20 11:47:07,765 DEBUG getQuestion - ==>  Preparing: SELECT id, num, title, item_A, item_B, item_C, item_D, answer, del_mark, refer_mark, create_time, update_time FROM question WHERE del_mark = 0 AND id = ? 
2016-11-20 11:47:07,765 DEBUG getQuestion - ==> Parameters: 2(Integer)
2016-11-20 11:47:07,827 INFO  LogMethodTimeAspect - Jasper.Yue : QuestionServiceImpl : getQuestion : 78
2016-11-20 11:47:07,827 INFO  LogMethodTimeAspect - Jasper.Yue OUT method: getQuestion
2016-11-20 11:47:07,827 INFO  TransactionalTestExecutionListener - Rolled back transaction after test execution for test context [TestContext@173ad86 testClass = QuestionControllerTest, testInstance = com.augmentum.controller.QuestionControllerTest@e9fa73, testMethod = getQuestionSuccessful@QuestionControllerTest, testException = [null], mergedContextConfiguration = [MergedContextConfiguration@16b9ae8 testClass = QuestionControllerTest, locations = '{classpath:applicationContext.xml, classpath:oes-mvc.xml}', classes = '{}', contextInitializerClasses = '[]', activeProfiles = '{}', contextLoader = 'org.springframework.test.context.support.DelegatingSmartContextLoader', parent = [null]]]
2016-11-20 11:47:07,827 INFO  TransactionalTestExecutionListener - Began transaction (4): transaction manager [org.springframework.jdbc.datasource.DataSourceTransactionManager@c06f9a]; rollback [true]
2016-11-20 11:47:07,827 INFO  LogMethodTimeAspect - Jasper.Yue IN method: editQuestion
2016-11-20 11:47:07,827 DEBUG getQuestion - ooo Using Connection [com.mchange.v2.c3p0.impl.NewProxyConnection@14c005c]
2016-11-20 11:47:07,827 DEBUG getQuestion - ==>  Preparing: SELECT id, num, title, item_A, item_B, item_C, item_D, answer, del_mark, refer_mark, create_time, update_time FROM question WHERE del_mark = 0 AND id = ? 
2016-11-20 11:47:07,827 DEBUG getQuestion - ==> Parameters: 2(Integer)
2016-11-20 11:47:07,843 DEBUG editQuestion - ooo Using Connection [com.mchange.v2.c3p0.impl.NewProxyConnection@14c005c]
2016-11-20 11:47:07,843 DEBUG editQuestion - ==>  Preparing: UPDATE question SET num = ?, title = ?, item_A = ?, item_B = ?, item_C = ?, item_D = ?, answer = ?, update_time = now() WHERE id = ? 
2016-11-20 11:47:07,843 DEBUG editQuestion - ==> Parameters: Q0002(String), 321(String), 321(String), 321321(String), 45(String), 667(String), 2(Integer), 2(Integer)
2016-11-20 11:47:07,843 INFO  LogMethodTimeAspect - Jasper.Yue : QuestionServiceImpl : editQuestion : 16
2016-11-20 11:47:07,843 INFO  LogMethodTimeAspect - Jasper.Yue OUT method: editQuestion
2016-11-20 11:47:07,843 INFO  TransactionalTestExecutionListener - Rolled back transaction after test execution for test context [TestContext@173ad86 testClass = QuestionControllerTest, testInstance = com.augmentum.controller.QuestionControllerTest@56c48, testMethod = editQuestionNotReferSuccessful@QuestionControllerTest, testException = [null], mergedContextConfiguration = [MergedContextConfiguration@16b9ae8 testClass = QuestionControllerTest, locations = '{classpath:applicationContext.xml, classpath:oes-mvc.xml}', classes = '{}', contextInitializerClasses = '[]', activeProfiles = '{}', contextLoader = 'org.springframework.test.context.support.DelegatingSmartContextLoader', parent = [null]]]
2016-11-20 11:47:07,843 INFO  TransactionalTestExecutionListener - Began transaction (5): transaction manager [org.springframework.jdbc.datasource.DataSourceTransactionManager@c06f9a]; rollback [true]
2016-11-20 11:47:07,843 INFO  LogMethodTimeAspect - Jasper.Yue IN method: deleteQuestion
2016-11-20 11:47:07,843 DEBUG deleteQuestion - ooo Using Connection [com.mchange.v2.c3p0.impl.NewProxyConnection@e53c98]
2016-11-20 11:47:07,843 DEBUG deleteQuestion - ==>  Preparing: UPDATE question SET del_mark = 1 WHERE id IN ( ? , ? ) 
2016-11-20 11:47:07,843 DEBUG deleteQuestion - ==> Parameters: 2(String), 5(String)
2016-11-20 11:47:07,843 INFO  LogMethodTimeAspect - Jasper.Yue : QuestionServiceImpl : deleteQuestion : 0
2016-11-20 11:47:07,843 INFO  LogMethodTimeAspect - Jasper.Yue OUT method: deleteQuestion
2016-11-20 11:47:07,843 INFO  TransactionalTestExecutionListener - Rolled back transaction after test execution for test context [TestContext@173ad86 testClass = QuestionControllerTest, testInstance = com.augmentum.controller.QuestionControllerTest@db049e, testMethod = deleteQuestionSuccessful@QuestionControllerTest, testException = [null], mergedContextConfiguration = [MergedContextConfiguration@16b9ae8 testClass = QuestionControllerTest, locations = '{classpath:applicationContext.xml, classpath:oes-mvc.xml}', classes = '{}', contextInitializerClasses = '[]', activeProfiles = '{}', contextLoader = 'org.springframework.test.context.support.DelegatingSmartContextLoader', parent = [null]]]
2016-11-20 11:47:07,859 INFO  TransactionalTestExecutionListener - Began transaction (6): transaction manager [org.springframework.jdbc.datasource.DataSourceTransactionManager@c06f9a]; rollback [true]
2016-11-20 11:47:07,859 INFO  LogMethodTimeAspect - Jasper.Yue IN method: editQuestion
2016-11-20 11:47:07,859 DEBUG getQuestion - ooo Using Connection [com.mchange.v2.c3p0.impl.NewProxyConnection@121308]
2016-11-20 11:47:07,859 DEBUG getQuestion - ==>  Preparing: SELECT id, num, title, item_A, item_B, item_C, item_D, answer, del_mark, refer_mark, create_time, update_time FROM question WHERE del_mark = 0 AND id = ? 
2016-11-20 11:47:07,859 DEBUG getQuestion - ==> Parameters: 21(Integer)
2016-11-20 11:47:07,859 DEBUG deleteQuestion - ooo Using Connection [com.mchange.v2.c3p0.impl.NewProxyConnection@121308]
2016-11-20 11:47:07,859 DEBUG deleteQuestion - ==>  Preparing: UPDATE question SET del_mark = 1 WHERE id IN ( ? ) 
2016-11-20 11:47:07,859 DEBUG deleteQuestion - ==> Parameters: 21(Integer)
2016-11-20 11:47:07,859 DEBUG addQuestion - ooo Using Connection [com.mchange.v2.c3p0.impl.NewProxyConnection@121308]
2016-11-20 11:47:07,859 DEBUG addQuestion - ==>  Preparing: INSERT INTO question(num, title, item_A, item_B, item_C, item_D, answer, create_time, update_time) VALUES(?, ?, ?, ?, ?, ?, ?, ?, now()) 
2016-11-20 11:47:07,874 DEBUG addQuestion - ==> Parameters: Q00021(String), XXXX11(String), 1(String), 2(String), 3(String), 4(String), 1(Integer), 2016-10-31 21:51:34.0(Timestamp)
2016-11-20 11:47:07,874 INFO  LogMethodTimeAspect - Jasper.Yue : QuestionServiceImpl : editQuestion : 15
2016-11-20 11:47:07,874 INFO  LogMethodTimeAspect - Jasper.Yue OUT method: editQuestion
2016-11-20 11:47:07,874 INFO  TransactionalTestExecutionListener - Rolled back transaction after test execution for test context [TestContext@173ad86 testClass = QuestionControllerTest, testInstance = com.augmentum.controller.QuestionControllerTest@7d66d5, testMethod = editQuestionReferSuccessful@QuestionControllerTest, testException = [null], mergedContextConfiguration = [MergedContextConfiguration@16b9ae8 testClass = QuestionControllerTest, locations = '{classpath:applicationContext.xml, classpath:oes-mvc.xml}', classes = '{}', contextInitializerClasses = '[]', activeProfiles = '{}', contextLoader = 'org.springframework.test.context.support.DelegatingSmartContextLoader', parent = [null]]]
2016-11-20 11:47:07,874 INFO  TransactionalTestExecutionListener - Began transaction (7): transaction manager [org.springframework.jdbc.datasource.DataSourceTransactionManager@c06f9a]; rollback [true]
2016-11-20 11:47:07,874 INFO  LogMethodTimeAspect - Jasper.Yue IN method: editQuestion
2016-11-20 11:47:07,874 DEBUG getQuestion - ooo Using Connection [com.mchange.v2.c3p0.impl.NewProxyConnection@a66709]
2016-11-20 11:47:07,874 DEBUG getQuestion - ==>  Preparing: SELECT id, num, title, item_A, item_B, item_C, item_D, answer, del_mark, refer_mark, create_time, update_time FROM question WHERE del_mark = 0 AND id = ? 
2016-11-20 11:47:07,874 DEBUG getQuestion - ==> Parameters: 13(Integer)
2016-11-20 11:47:07,874 INFO  LogMethodTimeAspect - Jasper.Yue OUT method: editQuestion
2016-11-20 11:47:07,874 INFO  LogMethodTimeAspect - Jasper.Yue IN method: editQuestion Throw Exception Entity Question already deleted.
2016-11-20 11:47:07,890 INFO  BaseController - com.augmentum.model.User@1ef8867Entity Question already deleted.
com.augmentum.exception.ServiceException: Entity Question already deleted.
	at com.augmentum.service.impl.QuestionServiceImpl.editQuestion(QuestionServiceImpl.java:50)
	at com.augmentum.service.impl.QuestionServiceImpl$$FastClassByCGLIB$$d7ca49cc.invoke(<generated>)
	at net.sf.cglib.proxy.MethodProxy.invoke(MethodProxy.java:191)
	at org.springframework.aop.framework.Cglib2AopProxy$CglibMethodInvocation.invokeJoinpoint(Cglib2AopProxy.java:689)
	at org.springframework.aop.framework.ReflectiveMethodInvocation.proceed(ReflectiveMethodInvocation.java:150)
	at org.springframework.aop.framework.adapter.MethodBeforeAdviceInterceptor.invoke(MethodBeforeAdviceInterceptor.java:50)
	at org.springframework.aop.framework.ReflectiveMethodInvocation.proceed(ReflectiveMethodInvocation.java:172)
	at org.springframework.aop.aspectj.MethodInvocationProceedingJoinPoint.proceed(MethodInvocationProceedingJoinPoint.java:80)
	at com.augmentum.advice.LogMethodTimeAspect.doAround(LogMethodTimeAspect.java:31)
	at sun.reflect.NativeMethodAccessorImpl.invoke0(Native Method)
	at sun.reflect.NativeMethodAccessorImpl.invoke(NativeMethodAccessorImpl.java:57)
	at sun.reflect.DelegatingMethodAccessorImpl.invoke(DelegatingMethodAccessorImpl.java:43)
	at java.lang.reflect.Method.invoke(Method.java:606)
	at org.springframework.aop.aspectj.AbstractAspectJAdvice.invokeAdviceMethodWithGivenArgs(AbstractAspectJAdvice.java:621)
	at org.springframework.aop.aspectj.AbstractAspectJAdvice.invokeAdviceMethod(AbstractAspectJAdvice.java:610)
	at org.springframework.aop.aspectj.AspectJAroundAdvice.invoke(AspectJAroundAdvice.java:65)
	at org.springframework.aop.framework.ReflectiveMethodInvocation.proceed(ReflectiveMethodInvocation.java:172)
	at org.springframework.aop.aspectj.AspectJAfterAdvice.invoke(AspectJAfterAdvice.java:42)
	at org.springframework.aop.framework.ReflectiveMethodInvocation.proceed(ReflectiveMethodInvocation.java:172)
	at org.springframework.aop.aspectj.AspectJAfterThrowingAdvice.invoke(AspectJAfterThrowingAdvice.java:55)
	at org.springframework.aop.framework.ReflectiveMethodInvocation.proceed(ReflectiveMethodInvocation.java:172)
	at org.springframework.aop.interceptor.ExposeInvocationInterceptor.invoke(ExposeInvocationInterceptor.java:90)
	at org.springframework.aop.framework.ReflectiveMethodInvocation.proceed(ReflectiveMethodInvocation.java:172)
	at org.springframework.aop.framework.Cglib2AopProxy$DynamicAdvisedInterceptor.intercept(Cglib2AopProxy.java:622)
	at com.augmentum.service.impl.QuestionServiceImpl$$EnhancerByCGLIB$$afbbb483.editQuestion(<generated>)
	at com.augmentum.controller.QuestionController.addOrEditQuestion(QuestionController.java:66)
	at com.augmentum.controller.QuestionControllerTest.editQuestionDeletedAlready(Unknown Source)
	at sun.reflect.NativeMethodAccessorImpl.invoke0(Native Method)
	at sun.reflect.NativeMethodAccessorImpl.invoke(NativeMethodAccessorImpl.java:57)
	at sun.reflect.DelegatingMethodAccessorImpl.invoke(DelegatingMethodAccessorImpl.java:43)
	at java.lang.reflect.Method.invoke(Method.java:606)
	at org.junit.runners.model.FrameworkMethod$1.runReflectiveCall(FrameworkMethod.java:44)
	at org.junit.internal.runners.model.ReflectiveCallable.run(ReflectiveCallable.java:15)
	at org.junit.runners.model.FrameworkMethod.invokeExplosively(FrameworkMethod.java:41)
	at org.junit.internal.runners.statements.InvokeMethod.evaluate(InvokeMethod.java:20)
	at org.junit.internal.runners.statements.RunBefores.evaluate(RunBefores.java:28)
	at org.springframework.test.context.junit4.statements.RunBeforeTestMethodCallbacks.evaluate(RunBeforeTestMethodCallbacks.java:74)
	at org.junit.internal.runners.statements.RunAfters.evaluate(RunAfters.java:31)
	at org.springframework.test.context.junit4.statements.RunAfterTestMethodCallbacks.evaluate(RunAfterTestMethodCallbacks.java:83)
	at org.springframework.test.context.junit4.statements.SpringRepeat.evaluate(SpringRepeat.java:72)
	at org.springframework.test.context.junit4.SpringJUnit4ClassRunner.runChild(SpringJUnit4ClassRunner.java:231)
	at org.springframework.test.context.junit4.SpringJUnit4ClassRunner.runChild(SpringJUnit4ClassRunner.java:88)
	at org.junit.runners.ParentRunner.runChildren(ParentRunner.java:180)
	at org.junit.runners.ParentRunner.access$000(ParentRunner.java:41)
	at org.junit.runners.ParentRunner$1.evaluate(ParentRunner.java:173)
	at org.junit.internal.runners.statements.RunBefores.evaluate(RunBefores.java:28)
	at org.springframework.test.context.junit4.statements.RunBeforeTestClassCallbacks.evaluate(RunBeforeTestClassCallbacks.java:61)
	at org.junit.internal.runners.statements.RunAfters.evaluate(RunAfters.java:31)
	at org.springframework.test.context.junit4.statements.RunAfterTestClassCallbacks.evaluate(RunAfterTestClassCallbacks.java:71)
	at org.junit.runners.ParentRunner.run(ParentRunner.java:220)
	at org.springframework.test.context.junit4.SpringJUnit4ClassRunner.run(SpringJUnit4ClassRunner.java:174)
	at junit.framework.JUnit4TestAdapter.run(JUnit4TestAdapter.java:39)
	at org.apache.tools.ant.taskdefs.optional.junit.JUnitTestRunner.run(JUnitTestRunner.java:523)
	at org.apache.tools.ant.taskdefs.optional.junit.JUnitTestRunner.launch(JUnitTestRunner.java:1063)
	at org.apache.tools.ant.taskdefs.optional.junit.JUnitTestRunner.main(JUnitTestRunner.java:914)
2016-11-20 11:47:07,890 INFO  TransactionalTestExecutionListener - Rolled back transaction after test execution for test context [TestContext@173ad86 testClass = QuestionControllerTest, testInstance = com.augmentum.controller.QuestionControllerTest@1d99e6b, testMethod = editQuestionDeletedAlready@QuestionControllerTest, testException = [null], mergedContextConfiguration = [MergedContextConfiguration@16b9ae8 testClass = QuestionControllerTest, locations = '{classpath:applicationContext.xml, classpath:oes-mvc.xml}', classes = '{}', contextInitializerClasses = '[]', activeProfiles = '{}', contextLoader = 'org.springframework.test.context.support.DelegatingSmartContextLoader', parent = [null]]]
2016-11-20 11:47:07,890 INFO  TransactionalTestExecutionListener - Began transaction (8): transaction manager [org.springframework.jdbc.datasource.DataSourceTransactionManager@c06f9a]; rollback [true]
2016-11-20 11:47:07,890 INFO  LogMethodTimeAspect - Jasper.Yue IN method: addQuestion
2016-11-20 11:47:07,890 INFO  LogMethodTimeAspect - Jasper.Yue OUT method: addQuestion
2016-11-20 11:47:07,890 INFO  LogMethodTimeAspect - Jasper.Yue IN method: addQuestion Throw Exception Data validate error.
2016-11-20 11:47:07,890 INFO  BaseController - com.augmentum.model.User@26df7eData validate error.
com.augmentum.exception.ParamException: Data validate error.
	at com.augmentum.service.impl.QuestionServiceImpl.validateData(QuestionServiceImpl.java:167)
	at com.augmentum.service.impl.QuestionServiceImpl.addQuestion(QuestionServiceImpl.java:29)
	at com.augmentum.service.impl.QuestionServiceImpl$$FastClassByCGLIB$$d7ca49cc.invoke(<generated>)
	at net.sf.cglib.proxy.MethodProxy.invoke(MethodProxy.java:191)
	at org.springframework.aop.framework.Cglib2AopProxy$CglibMethodInvocation.invokeJoinpoint(Cglib2AopProxy.java:689)
	at org.springframework.aop.framework.ReflectiveMethodInvocation.proceed(ReflectiveMethodInvocation.java:150)
	at org.springframework.aop.framework.adapter.MethodBeforeAdviceInterceptor.invoke(MethodBeforeAdviceInterceptor.java:50)
	at org.springframework.aop.framework.ReflectiveMethodInvocation.proceed(ReflectiveMethodInvocation.java:172)
	at org.springframework.aop.aspectj.MethodInvocationProceedingJoinPoint.proceed(MethodInvocationProceedingJoinPoint.java:80)
	at com.augmentum.advice.LogMethodTimeAspect.doAround(LogMethodTimeAspect.java:31)
	at sun.reflect.NativeMethodAccessorImpl.invoke0(Native Method)
	at sun.reflect.NativeMethodAccessorImpl.invoke(NativeMethodAccessorImpl.java:57)
	at sun.reflect.DelegatingMethodAccessorImpl.invoke(DelegatingMethodAccessorImpl.java:43)
	at java.lang.reflect.Method.invoke(Method.java:606)
	at org.springframework.aop.aspectj.AbstractAspectJAdvice.invokeAdviceMethodWithGivenArgs(AbstractAspectJAdvice.java:621)
	at org.springframework.aop.aspectj.AbstractAspectJAdvice.invokeAdviceMethod(AbstractAspectJAdvice.java:610)
	at org.springframework.aop.aspectj.AspectJAroundAdvice.invoke(AspectJAroundAdvice.java:65)
	at org.springframework.aop.framework.ReflectiveMethodInvocation.proceed(ReflectiveMethodInvocation.java:172)
	at org.springframework.aop.aspectj.AspectJAfterAdvice.invoke(AspectJAfterAdvice.java:42)
	at org.springframework.aop.framework.ReflectiveMethodInvocation.proceed(ReflectiveMethodInvocation.java:172)
	at org.springframework.aop.aspectj.AspectJAfterThrowingAdvice.invoke(AspectJAfterThrowingAdvice.java:55)
	at org.springframework.aop.framework.ReflectiveMethodInvocation.proceed(ReflectiveMethodInvocation.java:172)
	at org.springframework.aop.interceptor.ExposeInvocationInterceptor.invoke(ExposeInvocationInterceptor.java:90)
	at org.springframework.aop.framework.ReflectiveMethodInvocation.proceed(ReflectiveMethodInvocation.java:172)
	at org.springframework.aop.framework.Cglib2AopProxy$DynamicAdvisedInterceptor.intercept(Cglib2AopProxy.java:622)
	at com.augmentum.service.impl.QuestionServiceImpl$$EnhancerByCGLIB$$afbbb483.addQuestion(<generated>)
	at com.augmentum.controller.QuestionController.addOrEditQuestion(QuestionController.java:62)
	at com.augmentum.controller.QuestionControllerTest.addQuestionValidationFailed(Unknown Source)
	at sun.reflect.NativeMethodAccessorImpl.invoke0(Native Method)
	at sun.reflect.NativeMethodAccessorImpl.invoke(NativeMethodAccessorImpl.java:57)
	at sun.reflect.DelegatingMethodAccessorImpl.invoke(DelegatingMethodAccessorImpl.java:43)
	at java.lang.reflect.Method.invoke(Method.java:606)
	at org.junit.runners.model.FrameworkMethod$1.runReflectiveCall(FrameworkMethod.java:44)
	at org.junit.internal.runners.model.ReflectiveCallable.run(ReflectiveCallable.java:15)
	at org.junit.runners.model.FrameworkMethod.invokeExplosively(FrameworkMethod.java:41)
	at org.junit.internal.runners.statements.InvokeMethod.evaluate(InvokeMethod.java:20)
	at org.junit.internal.runners.statements.RunBefores.evaluate(RunBefores.java:28)
	at org.springframework.test.context.junit4.statements.RunBeforeTestMethodCallbacks.evaluate(RunBeforeTestMethodCallbacks.java:74)
	at org.junit.internal.runners.statements.RunAfters.evaluate(RunAfters.java:31)
	at org.springframework.test.context.junit4.statements.RunAfterTestMethodCallbacks.evaluate(RunAfterTestMethodCallbacks.java:83)
	at org.springframework.test.context.junit4.statements.SpringRepeat.evaluate(SpringRepeat.java:72)
	at org.springframework.test.context.junit4.SpringJUnit4ClassRunner.runChild(SpringJUnit4ClassRunner.java:231)
	at org.springframework.test.context.junit4.SpringJUnit4ClassRunner.runChild(SpringJUnit4ClassRunner.java:88)
	at org.junit.runners.ParentRunner.runChildren(ParentRunner.java:180)
	at org.junit.runners.ParentRunner.access$000(ParentRunner.java:41)
	at org.junit.runners.ParentRunner$1.evaluate(ParentRunner.java:173)
	at org.junit.internal.runners.statements.RunBefores.evaluate(RunBefores.java:28)
	at org.springframework.test.context.junit4.statements.RunBeforeTestClassCallbacks.evaluate(RunBeforeTestClassCallbacks.java:61)
	at org.junit.internal.runners.statements.RunAfters.evaluate(RunAfters.java:31)
	at org.springframework.test.context.junit4.statements.RunAfterTestClassCallbacks.evaluate(RunAfterTestClassCallbacks.java:71)
	at org.junit.runners.ParentRunner.run(ParentRunner.java:220)
	at org.springframework.test.context.junit4.SpringJUnit4ClassRunner.run(SpringJUnit4ClassRunner.java:174)
	at junit.framework.JUnit4TestAdapter.run(JUnit4TestAdapter.java:39)
	at org.apache.tools.ant.taskdefs.optional.junit.JUnitTestRunner.run(JUnitTestRunner.java:523)
	at org.apache.tools.ant.taskdefs.optional.junit.JUnitTestRunner.launch(JUnitTestRunner.java:1063)
	at org.apache.tools.ant.taskdefs.optional.junit.JUnitTestRunner.main(JUnitTestRunner.java:914)
2016-11-20 11:47:07,890 INFO  TransactionalTestExecutionListener - Rolled back transaction after test execution for test context [TestContext@173ad86 testClass = QuestionControllerTest, testInstance = com.augmentum.controller.QuestionControllerTest@14f8230, testMethod = addQuestionValidationFailed@QuestionControllerTest, testException = [null], mergedContextConfiguration = [MergedContextConfiguration@16b9ae8 testClass = QuestionControllerTest, locations = '{classpath:applicationContext.xml, classpath:oes-mvc.xml}', classes = '{}', contextInitializerClasses = '[]', activeProfiles = '{}', contextLoader = 'org.springframework.test.context.support.DelegatingSmartContextLoader', parent = [null]]]
2016-11-20 11:47:07,890 INFO  TransactionalTestExecutionListener - Began transaction (9): transaction manager [org.springframework.jdbc.datasource.DataSourceTransactionManager@c06f9a]; rollback [true]
2016-11-20 11:47:07,890 INFO  LogMethodTimeAspect - Jasper.Yue IN method: addQuestion
2016-11-20 11:47:07,890 INFO  LogMethodTimeAspect - Jasper.Yue OUT method: addQuestion
2016-11-20 11:47:07,890 INFO  LogMethodTimeAspect - Jasper.Yue IN method: addQuestion Throw Exception Data validate error.
2016-11-20 11:47:07,890 INFO  BaseController - com.augmentum.model.User@1812777Data validate error.
com.augmentum.exception.ParamException: Data validate error.
	at com.augmentum.service.impl.QuestionServiceImpl.validateData(QuestionServiceImpl.java:167)
	at com.augmentum.service.impl.QuestionServiceImpl.addQuestion(QuestionServiceImpl.java:29)
	at com.augmentum.service.impl.QuestionServiceImpl$$FastClassByCGLIB$$d7ca49cc.invoke(<generated>)
	at net.sf.cglib.proxy.MethodProxy.invoke(MethodProxy.java:191)
	at org.springframework.aop.framework.Cglib2AopProxy$CglibMethodInvocation.invokeJoinpoint(Cglib2AopProxy.java:689)
	at org.springframework.aop.framework.ReflectiveMethodInvocation.proceed(ReflectiveMethodInvocation.java:150)
	at org.springframework.aop.framework.adapter.MethodBeforeAdviceInterceptor.invoke(MethodBeforeAdviceInterceptor.java:50)
	at org.springframework.aop.framework.ReflectiveMethodInvocation.proceed(ReflectiveMethodInvocation.java:172)
	at org.springframework.aop.aspectj.MethodInvocationProceedingJoinPoint.proceed(MethodInvocationProceedingJoinPoint.java:80)
	at com.augmentum.advice.LogMethodTimeAspect.doAround(LogMethodTimeAspect.java:31)
	at sun.reflect.NativeMethodAccessorImpl.invoke0(Native Method)
	at sun.reflect.NativeMethodAccessorImpl.invoke(NativeMethodAccessorImpl.java:57)
	at sun.reflect.DelegatingMethodAccessorImpl.invoke(DelegatingMethodAccessorImpl.java:43)
	at java.lang.reflect.Method.invoke(Method.java:606)
	at org.springframework.aop.aspectj.AbstractAspectJAdvice.invokeAdviceMethodWithGivenArgs(AbstractAspectJAdvice.java:621)
	at org.springframework.aop.aspectj.AbstractAspectJAdvice.invokeAdviceMethod(AbstractAspectJAdvice.java:610)
	at org.springframework.aop.aspectj.AspectJAroundAdvice.invoke(AspectJAroundAdvice.java:65)
	at org.springframework.aop.framework.ReflectiveMethodInvocation.proceed(ReflectiveMethodInvocation.java:172)
	at org.springframework.aop.aspectj.AspectJAfterAdvice.invoke(AspectJAfterAdvice.java:42)
	at org.springframework.aop.framework.ReflectiveMethodInvocation.proceed(ReflectiveMethodInvocation.java:172)
	at org.springframework.aop.aspectj.AspectJAfterThrowingAdvice.invoke(AspectJAfterThrowingAdvice.java:55)
	at org.springframework.aop.framework.ReflectiveMethodInvocation.proceed(ReflectiveMethodInvocation.java:172)
	at org.springframework.aop.interceptor.ExposeInvocationInterceptor.invoke(ExposeInvocationInterceptor.java:90)
	at org.springframework.aop.framework.ReflectiveMethodInvocation.proceed(ReflectiveMethodInvocation.java:172)
	at org.springframework.aop.framework.Cglib2AopProxy$DynamicAdvisedInterceptor.intercept(Cglib2AopProxy.java:622)
	at com.augmentum.service.impl.QuestionServiceImpl$$EnhancerByCGLIB$$afbbb483.addQuestion(<generated>)
	at com.augmentum.controller.QuestionController.addOrEditQuestion(QuestionController.java:62)
	at com.augmentum.controller.QuestionControllerTest.addQuestionValidationLengthFailed(Unknown Source)
	at sun.reflect.NativeMethodAccessorImpl.invoke0(Native Method)
	at sun.reflect.NativeMethodAccessorImpl.invoke(NativeMethodAccessorImpl.java:57)
	at sun.reflect.DelegatingMethodAccessorImpl.invoke(DelegatingMethodAccessorImpl.java:43)
	at java.lang.reflect.Method.invoke(Method.java:606)
	at org.junit.runners.model.FrameworkMethod$1.runReflectiveCall(FrameworkMethod.java:44)
	at org.junit.internal.runners.model.ReflectiveCallable.run(ReflectiveCallable.java:15)
	at org.junit.runners.model.FrameworkMethod.invokeExplosively(FrameworkMethod.java:41)
	at org.junit.internal.runners.statements.InvokeMethod.evaluate(InvokeMethod.java:20)
	at org.junit.internal.runners.statements.RunBefores.evaluate(RunBefores.java:28)
	at org.springframework.test.context.junit4.statements.RunBeforeTestMethodCallbacks.evaluate(RunBeforeTestMethodCallbacks.java:74)
	at org.junit.internal.runners.statements.RunAfters.evaluate(RunAfters.java:31)
	at org.springframework.test.context.junit4.statements.RunAfterTestMethodCallbacks.evaluate(RunAfterTestMethodCallbacks.java:83)
	at org.springframework.test.context.junit4.statements.SpringRepeat.evaluate(SpringRepeat.java:72)
	at org.springframework.test.context.junit4.SpringJUnit4ClassRunner.runChild(SpringJUnit4ClassRunner.java:231)
	at org.springframework.test.context.junit4.SpringJUnit4ClassRunner.runChild(SpringJUnit4ClassRunner.java:88)
	at org.junit.runners.ParentRunner.runChildren(ParentRunner.java:180)
	at org.junit.runners.ParentRunner.access$000(ParentRunner.java:41)
	at org.junit.runners.ParentRunner$1.evaluate(ParentRunner.java:173)
	at org.junit.internal.runners.statements.RunBefores.evaluate(RunBefores.java:28)
	at org.springframework.test.context.junit4.statements.RunBeforeTestClassCallbacks.evaluate(RunBeforeTestClassCallbacks.java:61)
	at org.junit.internal.runners.statements.RunAfters.evaluate(RunAfters.java:31)
	at org.springframework.test.context.junit4.statements.RunAfterTestClassCallbacks.evaluate(RunAfterTestClassCallbacks.java:71)
	at org.junit.runners.ParentRunner.run(ParentRunner.java:220)
	at org.springframework.test.context.junit4.SpringJUnit4ClassRunner.run(SpringJUnit4ClassRunner.java:174)
	at junit.framework.JUnit4TestAdapter.run(JUnit4TestAdapter.java:39)
	at org.apache.tools.ant.taskdefs.optional.junit.JUnitTestRunner.run(JUnitTestRunner.java:523)
	at org.apache.tools.ant.taskdefs.optional.junit.JUnitTestRunner.launch(JUnitTestRunner.java:1063)
	at org.apache.tools.ant.taskdefs.optional.junit.JUnitTestRunner.main(JUnitTestRunner.java:914)
2016-11-20 11:47:07,906 INFO  TransactionalTestExecutionListener - Rolled back transaction after test execution for test context [TestContext@173ad86 testClass = QuestionControllerTest, testInstance = com.augmentum.controller.QuestionControllerTest@1fdd158, testMethod = addQuestionValidationLengthFailed@QuestionControllerTest, testException = [null], mergedContextConfiguration = [MergedContextConfiguration@16b9ae8 testClass = QuestionControllerTest, locations = '{classpath:applicationContext.xml, classpath:oes-mvc.xml}', classes = '{}', contextInitializerClasses = '[]', activeProfiles = '{}', contextLoader = 'org.springframework.test.context.support.DelegatingSmartContextLoader', parent = [null]]]
2016-11-20 11:47:07,906 INFO  TransactionalTestExecutionListener - Began transaction (10): transaction manager [org.springframework.jdbc.datasource.DataSourceTransactionManager@c06f9a]; rollback [true]
2016-11-20 11:47:07,906 INFO  LogMethodTimeAspect - Jasper.Yue IN method: addQuestion
2016-11-20 11:47:07,906 INFO  LogMethodTimeAspect - Jasper.Yue OUT method: addQuestion
2016-11-20 11:47:07,906 INFO  LogMethodTimeAspect - Jasper.Yue IN method: addQuestion Throw Exception Data validate error.
2016-11-20 11:47:07,906 INFO  BaseController - com.augmentum.model.User@8aafadData validate error.
com.augmentum.exception.ParamException: Data validate error.
	at com.augmentum.service.impl.QuestionServiceImpl.validateData(QuestionServiceImpl.java:167)
	at com.augmentum.service.impl.QuestionServiceImpl.addQuestion(QuestionServiceImpl.java:29)
	at com.augmentum.service.impl.QuestionServiceImpl$$FastClassByCGLIB$$d7ca49cc.invoke(<generated>)
	at net.sf.cglib.proxy.MethodProxy.invoke(MethodProxy.java:191)
	at org.springframework.aop.framework.Cglib2AopProxy$CglibMethodInvocation.invokeJoinpoint(Cglib2AopProxy.java:689)
	at org.springframework.aop.framework.ReflectiveMethodInvocation.proceed(ReflectiveMethodInvocation.java:150)
	at org.springframework.aop.framework.adapter.MethodBeforeAdviceInterceptor.invoke(MethodBeforeAdviceInterceptor.java:50)
	at org.springframework.aop.framework.ReflectiveMethodInvocation.proceed(ReflectiveMethodInvocation.java:172)
	at org.springframework.aop.aspectj.MethodInvocationProceedingJoinPoint.proceed(MethodInvocationProceedingJoinPoint.java:80)
	at com.augmentum.advice.LogMethodTimeAspect.doAround(LogMethodTimeAspect.java:31)
	at sun.reflect.NativeMethodAccessorImpl.invoke0(Native Method)
	at sun.reflect.NativeMethodAccessorImpl.invoke(NativeMethodAccessorImpl.java:57)
	at sun.reflect.DelegatingMethodAccessorImpl.invoke(DelegatingMethodAccessorImpl.java:43)
	at java.lang.reflect.Method.invoke(Method.java:606)
	at org.springframework.aop.aspectj.AbstractAspectJAdvice.invokeAdviceMethodWithGivenArgs(AbstractAspectJAdvice.java:621)
	at org.springframework.aop.aspectj.AbstractAspectJAdvice.invokeAdviceMethod(AbstractAspectJAdvice.java:610)
	at org.springframework.aop.aspectj.AspectJAroundAdvice.invoke(AspectJAroundAdvice.java:65)
	at org.springframework.aop.framework.ReflectiveMethodInvocation.proceed(ReflectiveMethodInvocation.java:172)
	at org.springframework.aop.aspectj.AspectJAfterAdvice.invoke(AspectJAfterAdvice.java:42)
	at org.springframework.aop.framework.ReflectiveMethodInvocation.proceed(ReflectiveMethodInvocation.java:172)
	at org.springframework.aop.aspectj.AspectJAfterThrowingAdvice.invoke(AspectJAfterThrowingAdvice.java:55)
	at org.springframework.aop.framework.ReflectiveMethodInvocation.proceed(ReflectiveMethodInvocation.java:172)
	at org.springframework.aop.interceptor.ExposeInvocationInterceptor.invoke(ExposeInvocationInterceptor.java:90)
	at org.springframework.aop.framework.ReflectiveMethodInvocation.proceed(ReflectiveMethodInvocation.java:172)
	at org.springframework.aop.framework.Cglib2AopProxy$DynamicAdvisedInterceptor.intercept(Cglib2AopProxy.java:622)
	at com.augmentum.service.impl.QuestionServiceImpl$$EnhancerByCGLIB$$afbbb483.addQuestion(<generated>)
	at com.augmentum.controller.QuestionController.addOrEditQuestion(QuestionController.java:62)
	at com.augmentum.controller.QuestionControllerTest.editQuestionValidationFailed(Unknown Source)
	at sun.reflect.NativeMethodAccessorImpl.invoke0(Native Method)
	at sun.reflect.NativeMethodAccessorImpl.invoke(NativeMethodAccessorImpl.java:57)
	at sun.reflect.DelegatingMethodAccessorImpl.invoke(DelegatingMethodAccessorImpl.java:43)
	at java.lang.reflect.Method.invoke(Method.java:606)
	at org.junit.runners.model.FrameworkMethod$1.runReflectiveCall(FrameworkMethod.java:44)
	at org.junit.internal.runners.model.ReflectiveCallable.run(ReflectiveCallable.java:15)
	at org.junit.runners.model.FrameworkMethod.invokeExplosively(FrameworkMethod.java:41)
	at org.junit.internal.runners.statements.InvokeMethod.evaluate(InvokeMethod.java:20)
	at org.junit.internal.runners.statements.RunBefores.evaluate(RunBefores.java:28)
	at org.springframework.test.context.junit4.statements.RunBeforeTestMethodCallbacks.evaluate(RunBeforeTestMethodCallbacks.java:74)
	at org.junit.internal.runners.statements.RunAfters.evaluate(RunAfters.java:31)
	at org.springframework.test.context.junit4.statements.RunAfterTestMethodCallbacks.evaluate(RunAfterTestMethodCallbacks.java:83)
	at org.springframework.test.context.junit4.statements.SpringRepeat.evaluate(SpringRepeat.java:72)
	at org.springframework.test.context.junit4.SpringJUnit4ClassRunner.runChild(SpringJUnit4ClassRunner.java:231)
	at org.springframework.test.context.junit4.SpringJUnit4ClassRunner.runChild(SpringJUnit4ClassRunner.java:88)
	at org.junit.runners.ParentRunner.runChildren(ParentRunner.java:180)
	at org.junit.runners.ParentRunner.access$000(ParentRunner.java:41)
	at org.junit.runners.ParentRunner$1.evaluate(ParentRunner.java:173)
	at org.junit.internal.runners.statements.RunBefores.evaluate(RunBefores.java:28)
	at org.springframework.test.context.junit4.statements.RunBeforeTestClassCallbacks.evaluate(RunBeforeTestClassCallbacks.java:61)
	at org.junit.internal.runners.statements.RunAfters.evaluate(RunAfters.java:31)
	at org.springframework.test.context.junit4.statements.RunAfterTestClassCallbacks.evaluate(RunAfterTestClassCallbacks.java:71)
	at org.junit.runners.ParentRunner.run(ParentRunner.java:220)
	at org.springframework.test.context.junit4.SpringJUnit4ClassRunner.run(SpringJUnit4ClassRunner.java:174)
	at junit.framework.JUnit4TestAdapter.run(JUnit4TestAdapter.java:39)
	at org.apache.tools.ant.taskdefs.optional.junit.JUnitTestRunner.run(JUnitTestRunner.java:523)
	at org.apache.tools.ant.taskdefs.optional.junit.JUnitTestRunner.launch(JUnitTestRunner.java:1063)
	at org.apache.tools.ant.taskdefs.optional.junit.JUnitTestRunner.main(JUnitTestRunner.java:914)
2016-11-20 11:47:07,906 INFO  TransactionalTestExecutionListener - Rolled back transaction after test execution for test context [TestContext@173ad86 testClass = QuestionControllerTest, testInstance = com.augmentum.controller.QuestionControllerTest@1a359f, testMethod = editQuestionValidationFailed@QuestionControllerTest, testException = [null], mergedContextConfiguration = [MergedContextConfiguration@16b9ae8 testClass = QuestionControllerTest, locations = '{classpath:applicationContext.xml, classpath:oes-mvc.xml}', classes = '{}', contextInitializerClasses = '[]', activeProfiles = '{}', contextLoader = 'org.springframework.test.context.support.DelegatingSmartContextLoader', parent = [null]]]
2016-11-20 11:47:07,906 INFO  TransactionalTestExecutionListener - Began transaction (11): transaction manager [org.springframework.jdbc.datasource.DataSourceTransactionManager@c06f9a]; rollback [true]
2016-11-20 11:47:07,906 INFO  LogMethodTimeAspect - Jasper.Yue IN method: getQuestion
2016-11-20 11:47:07,921 DEBUG getQuestion - ooo Using Connection [com.mchange.v2.c3p0.impl.NewProxyConnection@154d977]
2016-11-20 11:47:07,921 DEBUG getQuestion - ==>  Preparing: SELECT id, num, title, item_A, item_B, item_C, item_D, answer, del_mark, refer_mark, create_time, update_time FROM question WHERE del_mark = 0 AND id = ? 
2016-11-20 11:47:07,921 DEBUG getQuestion - ==> Parameters: 1(Integer)
2016-11-20 11:47:07,921 INFO  LogMethodTimeAspect - Jasper.Yue OUT method: getQuestion
2016-11-20 11:47:07,921 INFO  LogMethodTimeAspect - Jasper.Yue IN method: getQuestion Throw Exception Entity Question not found.
2016-11-20 11:47:07,921 INFO  BaseController - com.augmentum.model.User@1340157Entity Question not found.
com.augmentum.exception.ServiceException: Entity Question not found.
	at com.augmentum.service.impl.QuestionServiceImpl.getQuestion(QuestionServiceImpl.java:107)
	at com.augmentum.service.impl.QuestionServiceImpl$$FastClassByCGLIB$$d7ca49cc.invoke(<generated>)
	at net.sf.cglib.proxy.MethodProxy.invoke(MethodProxy.java:191)
	at org.springframework.aop.framework.Cglib2AopProxy$CglibMethodInvocation.invokeJoinpoint(Cglib2AopProxy.java:689)
	at org.springframework.aop.framework.ReflectiveMethodInvocation.proceed(ReflectiveMethodInvocation.java:150)
	at org.springframework.aop.framework.adapter.MethodBeforeAdviceInterceptor.invoke(MethodBeforeAdviceInterceptor.java:50)
	at org.springframework.aop.framework.ReflectiveMethodInvocation.proceed(ReflectiveMethodInvocation.java:172)
	at org.springframework.aop.aspectj.MethodInvocationProceedingJoinPoint.proceed(MethodInvocationProceedingJoinPoint.java:80)
	at com.augmentum.advice.LogMethodTimeAspect.doAround(LogMethodTimeAspect.java:31)
	at sun.reflect.NativeMethodAccessorImpl.invoke0(Native Method)
	at sun.reflect.NativeMethodAccessorImpl.invoke(NativeMethodAccessorImpl.java:57)
	at sun.reflect.DelegatingMethodAccessorImpl.invoke(DelegatingMethodAccessorImpl.java:43)
	at java.lang.reflect.Method.invoke(Method.java:606)
	at org.springframework.aop.aspectj.AbstractAspectJAdvice.invokeAdviceMethodWithGivenArgs(AbstractAspectJAdvice.java:621)
	at org.springframework.aop.aspectj.AbstractAspectJAdvice.invokeAdviceMethod(AbstractAspectJAdvice.java:610)
	at org.springframework.aop.aspectj.AspectJAroundAdvice.invoke(AspectJAroundAdvice.java:65)
	at org.springframework.aop.framework.ReflectiveMethodInvocation.proceed(ReflectiveMethodInvocation.java:172)
	at org.springframework.aop.aspectj.AspectJAfterAdvice.invoke(AspectJAfterAdvice.java:42)
	at org.springframework.aop.framework.ReflectiveMethodInvocation.proceed(ReflectiveMethodInvocation.java:172)
	at org.springframework.aop.aspectj.AspectJAfterThrowingAdvice.invoke(AspectJAfterThrowingAdvice.java:55)
	at org.springframework.aop.framework.ReflectiveMethodInvocation.proceed(ReflectiveMethodInvocation.java:172)
	at org.springframework.aop.interceptor.ExposeInvocationInterceptor.invoke(ExposeInvocationInterceptor.java:90)
	at org.springframework.aop.framework.ReflectiveMethodInvocation.proceed(ReflectiveMethodInvocation.java:172)
	at org.springframework.aop.framework.Cglib2AopProxy$DynamicAdvisedInterceptor.intercept(Cglib2AopProxy.java:622)
	at com.augmentum.service.impl.QuestionServiceImpl$$EnhancerByCGLIB$$afbbb483.getQuestion(<generated>)
	at com.augmentum.controller.QuestionController.toEdit(QuestionController.java:41)
	at com.augmentum.controller.QuestionControllerTest.getQuestionUnSuccessful(Unknown Source)
	at sun.reflect.NativeMethodAccessorImpl.invoke0(Native Method)
	at sun.reflect.NativeMethodAccessorImpl.invoke(NativeMethodAccessorImpl.java:57)
	at sun.reflect.DelegatingMethodAccessorImpl.invoke(DelegatingMethodAccessorImpl.java:43)
	at java.lang.reflect.Method.invoke(Method.java:606)
	at org.junit.runners.model.FrameworkMethod$1.runReflectiveCall(FrameworkMethod.java:44)
	at org.junit.internal.runners.model.ReflectiveCallable.run(ReflectiveCallable.java:15)
	at org.junit.runners.model.FrameworkMethod.invokeExplosively(FrameworkMethod.java:41)
	at org.junit.internal.runners.statements.InvokeMethod.evaluate(InvokeMethod.java:20)
	at org.junit.internal.runners.statements.RunBefores.evaluate(RunBefores.java:28)
	at org.springframework.test.context.junit4.statements.RunBeforeTestMethodCallbacks.evaluate(RunBeforeTestMethodCallbacks.java:74)
	at org.junit.internal.runners.statements.RunAfters.evaluate(RunAfters.java:31)
	at org.springframework.test.context.junit4.statements.RunAfterTestMethodCallbacks.evaluate(RunAfterTestMethodCallbacks.java:83)
	at org.springframework.test.context.junit4.statements.SpringRepeat.evaluate(SpringRepeat.java:72)
	at org.springframework.test.context.junit4.SpringJUnit4ClassRunner.runChild(SpringJUnit4ClassRunner.java:231)
	at org.springframework.test.context.junit4.SpringJUnit4ClassRunner.runChild(SpringJUnit4ClassRunner.java:88)
	at org.junit.runners.ParentRunner.runChildren(ParentRunner.java:180)
	at org.junit.runners.ParentRunner.access$000(ParentRunner.java:41)
	at org.junit.runners.ParentRunner$1.evaluate(ParentRunner.java:173)
	at org.junit.internal.runners.statements.RunBefores.evaluate(RunBefores.java:28)
	at org.springframework.test.context.junit4.statements.RunBeforeTestClassCallbacks.evaluate(RunBeforeTestClassCallbacks.java:61)
	at org.junit.internal.runners.statements.RunAfters.evaluate(RunAfters.java:31)
	at org.springframework.test.context.junit4.statements.RunAfterTestClassCallbacks.evaluate(RunAfterTestClassCallbacks.java:71)
	at org.junit.runners.ParentRunner.run(ParentRunner.java:220)
	at org.springframework.test.context.junit4.SpringJUnit4ClassRunner.run(SpringJUnit4ClassRunner.java:174)
	at junit.framework.JUnit4TestAdapter.run(JUnit4TestAdapter.java:39)
	at org.apache.tools.ant.taskdefs.optional.junit.JUnitTestRunner.run(JUnitTestRunner.java:523)
	at org.apache.tools.ant.taskdefs.optional.junit.JUnitTestRunner.launch(JUnitTestRunner.java:1063)
	at org.apache.tools.ant.taskdefs.optional.junit.JUnitTestRunner.main(JUnitTestRunner.java:914)
2016-11-20 11:47:07,921 INFO  TransactionalTestExecutionListener - Rolled back transaction after test execution for test context [TestContext@173ad86 testClass = QuestionControllerTest, testInstance = com.augmentum.controller.QuestionControllerTest@116e561, testMethod = getQuestionUnSuccessful@QuestionControllerTest, testException = [null], mergedContextConfiguration = [MergedContextConfiguration@16b9ae8 testClass = QuestionControllerTest, locations = '{classpath:applicationContext.xml, classpath:oes-mvc.xml}', classes = '{}', contextInitializerClasses = '[]', activeProfiles = '{}', contextLoader = 'org.springframework.test.context.support.DelegatingSmartContextLoader', parent = [null]]]
2016-11-20 11:47:07,937 INFO  TransactionalTestExecutionListener - Began transaction (12): transaction manager [org.springframework.jdbc.datasource.DataSourceTransactionManager@c06f9a]; rollback [true]
2016-11-20 11:47:07,937 INFO  LogMethodTimeAspect - Jasper.Yue IN method: addQuestion
2016-11-20 11:47:07,937 INFO  LogMethodTimeAspect - Jasper.Yue OUT method: addQuestion
2016-11-20 11:47:07,937 INFO  LogMethodTimeAspect - Jasper.Yue IN method: addQuestion Throw Exception Data validate error.
2016-11-20 11:47:07,937 INFO  BaseController - com.augmentum.model.User@5d7b22Data validate error.
com.augmentum.exception.ParamException: Data validate error.
	at com.augmentum.service.impl.QuestionServiceImpl.validateData(QuestionServiceImpl.java:167)
	at com.augmentum.service.impl.QuestionServiceImpl.addQuestion(QuestionServiceImpl.java:29)
	at com.augmentum.service.impl.QuestionServiceImpl$$FastClassByCGLIB$$d7ca49cc.invoke(<generated>)
	at net.sf.cglib.proxy.MethodProxy.invoke(MethodProxy.java:191)
	at org.springframework.aop.framework.Cglib2AopProxy$CglibMethodInvocation.invokeJoinpoint(Cglib2AopProxy.java:689)
	at org.springframework.aop.framework.ReflectiveMethodInvocation.proceed(ReflectiveMethodInvocation.java:150)
	at org.springframework.aop.framework.adapter.MethodBeforeAdviceInterceptor.invoke(MethodBeforeAdviceInterceptor.java:50)
	at org.springframework.aop.framework.ReflectiveMethodInvocation.proceed(ReflectiveMethodInvocation.java:172)
	at org.springframework.aop.aspectj.MethodInvocationProceedingJoinPoint.proceed(MethodInvocationProceedingJoinPoint.java:80)
	at com.augmentum.advice.LogMethodTimeAspect.doAround(LogMethodTimeAspect.java:31)
	at sun.reflect.NativeMethodAccessorImpl.invoke0(Native Method)
	at sun.reflect.NativeMethodAccessorImpl.invoke(NativeMethodAccessorImpl.java:57)
	at sun.reflect.DelegatingMethodAccessorImpl.invoke(DelegatingMethodAccessorImpl.java:43)
	at java.lang.reflect.Method.invoke(Method.java:606)
	at org.springframework.aop.aspectj.AbstractAspectJAdvice.invokeAdviceMethodWithGivenArgs(AbstractAspectJAdvice.java:621)
	at org.springframework.aop.aspectj.AbstractAspectJAdvice.invokeAdviceMethod(AbstractAspectJAdvice.java:610)
	at org.springframework.aop.aspectj.AspectJAroundAdvice.invoke(AspectJAroundAdvice.java:65)
	at org.springframework.aop.framework.ReflectiveMethodInvocation.proceed(ReflectiveMethodInvocation.java:172)
	at org.springframework.aop.aspectj.AspectJAfterAdvice.invoke(AspectJAfterAdvice.java:42)
	at org.springframework.aop.framework.ReflectiveMethodInvocation.proceed(ReflectiveMethodInvocation.java:172)
	at org.springframework.aop.aspectj.AspectJAfterThrowingAdvice.invoke(AspectJAfterThrowingAdvice.java:55)
	at org.springframework.aop.framework.ReflectiveMethodInvocation.proceed(ReflectiveMethodInvocation.java:172)
	at org.springframework.aop.interceptor.ExposeInvocationInterceptor.invoke(ExposeInvocationInterceptor.java:90)
	at org.springframework.aop.framework.ReflectiveMethodInvocation.proceed(ReflectiveMethodInvocation.java:172)
	at org.springframework.aop.framework.Cglib2AopProxy$DynamicAdvisedInterceptor.intercept(Cglib2AopProxy.java:622)
	at com.augmentum.service.impl.QuestionServiceImpl$$EnhancerByCGLIB$$afbbb483.addQuestion(<generated>)
	at com.augmentum.controller.QuestionController.addOrEditQuestion(QuestionController.java:62)
	at com.augmentum.controller.QuestionControllerTest.addQuestionValidationRepeatFailed(Unknown Source)
	at sun.reflect.NativeMethodAccessorImpl.invoke0(Native Method)
	at sun.reflect.NativeMethodAccessorImpl.invoke(NativeMethodAccessorImpl.java:57)
	at sun.reflect.DelegatingMethodAccessorImpl.invoke(DelegatingMethodAccessorImpl.java:43)
	at java.lang.reflect.Method.invoke(Method.java:606)
	at org.junit.runners.model.FrameworkMethod$1.runReflectiveCall(FrameworkMethod.java:44)
	at org.junit.internal.runners.model.ReflectiveCallable.run(ReflectiveCallable.java:15)
	at org.junit.runners.model.FrameworkMethod.invokeExplosively(FrameworkMethod.java:41)
	at org.junit.internal.runners.statements.InvokeMethod.evaluate(InvokeMethod.java:20)
	at org.junit.internal.runners.statements.RunBefores.evaluate(RunBefores.java:28)
	at org.springframework.test.context.junit4.statements.RunBeforeTestMethodCallbacks.evaluate(RunBeforeTestMethodCallbacks.java:74)
	at org.junit.internal.runners.statements.RunAfters.evaluate(RunAfters.java:31)
	at org.springframework.test.context.junit4.statements.RunAfterTestMethodCallbacks.evaluate(RunAfterTestMethodCallbacks.java:83)
	at org.springframework.test.context.junit4.statements.SpringRepeat.evaluate(SpringRepeat.java:72)
	at org.springframework.test.context.junit4.SpringJUnit4ClassRunner.runChild(SpringJUnit4ClassRunner.java:231)
	at org.springframework.test.context.junit4.SpringJUnit4ClassRunner.runChild(SpringJUnit4ClassRunner.java:88)
	at org.junit.runners.ParentRunner.runChildren(ParentRunner.java:180)
	at org.junit.runners.ParentRunner.access$000(ParentRunner.java:41)
	at org.junit.runners.ParentRunner$1.evaluate(ParentRunner.java:173)
	at org.junit.internal.runners.statements.RunBefores.evaluate(RunBefores.java:28)
	at org.springframework.test.context.junit4.statements.RunBeforeTestClassCallbacks.evaluate(RunBeforeTestClassCallbacks.java:61)
	at org.junit.internal.runners.statements.RunAfters.evaluate(RunAfters.java:31)
	at org.springframework.test.context.junit4.statements.RunAfterTestClassCallbacks.evaluate(RunAfterTestClassCallbacks.java:71)
	at org.junit.runners.ParentRunner.run(ParentRunner.java:220)
	at org.springframework.test.context.junit4.SpringJUnit4ClassRunner.run(SpringJUnit4ClassRunner.java:174)
	at junit.framework.JUnit4TestAdapter.run(JUnit4TestAdapter.java:39)
	at org.apache.tools.ant.taskdefs.optional.junit.JUnitTestRunner.run(JUnitTestRunner.java:523)
	at org.apache.tools.ant.taskdefs.optional.junit.JUnitTestRunner.launch(JUnitTestRunner.java:1063)
	at org.apache.tools.ant.taskdefs.optional.junit.JUnitTestRunner.main(JUnitTestRunner.java:914)
2016-11-20 11:47:07,937 INFO  TransactionalTestExecutionListener - Rolled back transaction after test execution for test context [TestContext@173ad86 testClass = QuestionControllerTest, testInstance = com.augmentum.controller.QuestionControllerTest@1997aa6, testMethod = addQuestionValidationRepeatFailed@QuestionControllerTest, testException = [null], mergedContextConfiguration = [MergedContextConfiguration@16b9ae8 testClass = QuestionControllerTest, locations = '{classpath:applicationContext.xml, classpath:oes-mvc.xml}', classes = '{}', contextInitializerClasses = '[]', activeProfiles = '{}', contextLoader = 'org.springframework.test.context.support.DelegatingSmartContextLoader', parent = [null]]]
2016-11-20 11:47:07,937 INFO  TransactionalTestExecutionListener - Began transaction (13): transaction manager [org.springframework.jdbc.datasource.DataSourceTransactionManager@c06f9a]; rollback [true]
2016-11-20 11:47:07,937 INFO  LogMethodTimeAspect - Jasper.Yue IN method: findQuestionList
2016-11-20 11:47:07,937 DEBUG getQuestionCount - ooo Using Connection [com.mchange.v2.c3p0.impl.NewProxyConnection@54691e]
2016-11-20 11:47:07,937 DEBUG getQuestionCount - ==>  Preparing: SELECT COUNT(*) FROM question WHERE del_mark = 0 AND title LIKE ? 
2016-11-20 11:47:07,937 DEBUG getQuestionCount - ==> Parameters: %%(String)
2016-11-20 11:47:07,952 DEBUG findQuestion - ooo Using Connection [com.mchange.v2.c3p0.impl.NewProxyConnection@54691e]
2016-11-20 11:47:07,952 DEBUG findQuestion - ==>  Preparing: SELECT id, num, title, item_A, item_B, item_C, item_D, answer, del_mark, refer_mark, create_time, update_time FROM question WHERE del_mark = 0 AND title LIKE ? ORDER BY num ASC LIMIT ?, ? 
2016-11-20 11:47:07,952 DEBUG findQuestion - ==> Parameters: %%(String), 4(Integer), 2(Integer)
2016-11-20 11:47:07,952 INFO  LogMethodTimeAspect - Jasper.Yue : QuestionServiceImpl : findQuestionList : 15
2016-11-20 11:47:07,952 INFO  LogMethodTimeAspect - Jasper.Yue OUT method: findQuestionList
2016-11-20 11:47:07,952 INFO  TransactionalTestExecutionListener - Rolled back transaction after test execution for test context [TestContext@173ad86 testClass = QuestionControllerTest, testInstance = com.augmentum.controller.QuestionControllerTest@b332a4, testMethod = findQuestionListSuccessful@QuestionControllerTest, testException = [null], mergedContextConfiguration = [MergedContextConfiguration@16b9ae8 testClass = QuestionControllerTest, locations = '{classpath:applicationContext.xml, classpath:oes-mvc.xml}', classes = '{}', contextInitializerClasses = '[]', activeProfiles = '{}', contextLoader = 'org.springframework.test.context.support.DelegatingSmartContextLoader', parent = [null]]]
2016-11-20 11:47:07,952 INFO  TransactionalTestExecutionListener - Began transaction (14): transaction manager [org.springframework.jdbc.datasource.DataSourceTransactionManager@c06f9a]; rollback [true]
2016-11-20 11:47:07,952 INFO  LogMethodTimeAspect - Jasper.Yue IN method: addQuestion
2016-11-20 11:47:07,952 DEBUG addQuestion - ooo Using Connection [com.mchange.v2.c3p0.impl.NewProxyConnection@1bf194f]
2016-11-20 11:47:07,952 DEBUG addQuestion - ==>  Preparing: INSERT INTO question(num, title, item_A, item_B, item_C, item_D, answer, create_time, update_time) VALUES(?, ?, ?, ?, ?, ?, ?, now(), now()) 
2016-11-20 11:47:07,968 DEBUG addQuestion - ==> Parameters: (String), 123(String), 123(String), 1234(String), 12345(String), 123456(String), 1(Integer)
2016-11-20 11:47:07,968 DEBUG editQuestion - ooo Using Connection [com.mchange.v2.c3p0.impl.NewProxyConnection@1bf194f]
2016-11-20 11:47:07,968 DEBUG editQuestion - ==>  Preparing: UPDATE question SET num = ?, title = ?, item_A = ?, item_B = ?, item_C = ?, item_D = ?, answer = ?, update_time = now() WHERE id = ? 
2016-11-20 11:47:07,968 DEBUG editQuestion - ==> Parameters: Q000115(String), 123(String), 123(String), 1234(String), 12345(String), 123456(String), 1(Integer), 115(Integer)
2016-11-20 11:47:07,968 INFO  LogMethodTimeAspect - Jasper.Yue : QuestionServiceImpl : addQuestion : 16
2016-11-20 11:47:07,968 INFO  LogMethodTimeAspect - Jasper.Yue OUT method: addQuestion
2016-11-20 11:47:07,968 INFO  TransactionalTestExecutionListener - Rolled back transaction after test execution for test context [TestContext@173ad86 testClass = QuestionControllerTest, testInstance = com.augmentum.controller.QuestionControllerTest@1a60925, testMethod = addQuestionSuccessful@QuestionControllerTest, testException = [null], mergedContextConfiguration = [MergedContextConfiguration@16b9ae8 testClass = QuestionControllerTest, locations = '{classpath:applicationContext.xml, classpath:oes-mvc.xml}', classes = '{}', contextInitializerClasses = '[]', activeProfiles = '{}', contextLoader = 'org.springframework.test.context.support.DelegatingSmartContextLoader', parent = [null]]]
2016-11-20 11:47:07,968 INFO  TransactionalTestExecutionListener - Began transaction (15): transaction manager [org.springframework.jdbc.datasource.DataSourceTransactionManager@c06f9a]; rollback [true]
2016-11-20 11:47:07,968 INFO  LogMethodTimeAspect - Jasper.Yue IN method: getQuestion
2016-11-20 11:47:07,968 INFO  LogMethodTimeAspect - Jasper.Yue OUT method: getQuestion
2016-11-20 11:47:07,968 INFO  LogMethodTimeAspect - Jasper.Yue IN method: getQuestion Throw Exception Data validate error.
2016-11-20 11:47:07,968 INFO  BaseController - com.augmentum.model.User@1038cc4Data validate error.
com.augmentum.exception.ParamException: Data validate error.
	at com.augmentum.service.impl.QuestionServiceImpl.getQuestion(QuestionServiceImpl.java:100)
	at com.augmentum.service.impl.QuestionServiceImpl$$FastClassByCGLIB$$d7ca49cc.invoke(<generated>)
	at net.sf.cglib.proxy.MethodProxy.invoke(MethodProxy.java:191)
	at org.springframework.aop.framework.Cglib2AopProxy$CglibMethodInvocation.invokeJoinpoint(Cglib2AopProxy.java:689)
	at org.springframework.aop.framework.ReflectiveMethodInvocation.proceed(ReflectiveMethodInvocation.java:150)
	at org.springframework.aop.framework.adapter.MethodBeforeAdviceInterceptor.invoke(MethodBeforeAdviceInterceptor.java:50)
	at org.springframework.aop.framework.ReflectiveMethodInvocation.proceed(ReflectiveMethodInvocation.java:172)
	at org.springframework.aop.aspectj.MethodInvocationProceedingJoinPoint.proceed(MethodInvocationProceedingJoinPoint.java:80)
	at com.augmentum.advice.LogMethodTimeAspect.doAround(LogMethodTimeAspect.java:31)
	at sun.reflect.NativeMethodAccessorImpl.invoke0(Native Method)
	at sun.reflect.NativeMethodAccessorImpl.invoke(NativeMethodAccessorImpl.java:57)
	at sun.reflect.DelegatingMethodAccessorImpl.invoke(DelegatingMethodAccessorImpl.java:43)
	at java.lang.reflect.Method.invoke(Method.java:606)
	at org.springframework.aop.aspectj.AbstractAspectJAdvice.invokeAdviceMethodWithGivenArgs(AbstractAspectJAdvice.java:621)
	at org.springframework.aop.aspectj.AbstractAspectJAdvice.invokeAdviceMethod(AbstractAspectJAdvice.java:610)
	at org.springframework.aop.aspectj.AspectJAroundAdvice.invoke(AspectJAroundAdvice.java:65)
	at org.springframework.aop.framework.ReflectiveMethodInvocation.proceed(ReflectiveMethodInvocation.java:172)
	at org.springframework.aop.aspectj.AspectJAfterAdvice.invoke(AspectJAfterAdvice.java:42)
	at org.springframework.aop.framework.ReflectiveMethodInvocation.proceed(ReflectiveMethodInvocation.java:172)
	at org.springframework.aop.aspectj.AspectJAfterThrowingAdvice.invoke(AspectJAfterThrowingAdvice.java:55)
	at org.springframework.aop.framework.ReflectiveMethodInvocation.proceed(ReflectiveMethodInvocation.java:172)
	at org.springframework.aop.interceptor.ExposeInvocationInterceptor.invoke(ExposeInvocationInterceptor.java:90)
	at org.springframework.aop.framework.ReflectiveMethodInvocation.proceed(ReflectiveMethodInvocation.java:172)
	at org.springframework.aop.framework.Cglib2AopProxy$DynamicAdvisedInterceptor.intercept(Cglib2AopProxy.java:622)
	at com.augmentum.service.impl.QuestionServiceImpl$$EnhancerByCGLIB$$afbbb483.getQuestion(<generated>)
	at com.augmentum.controller.QuestionController.toEdit(QuestionController.java:41)
	at com.augmentum.controller.QuestionControllerTest.getQuestionValidationFailed2(Unknown Source)
	at sun.reflect.NativeMethodAccessorImpl.invoke0(Native Method)
	at sun.reflect.NativeMethodAccessorImpl.invoke(NativeMethodAccessorImpl.java:57)
	at sun.reflect.DelegatingMethodAccessorImpl.invoke(DelegatingMethodAccessorImpl.java:43)
	at java.lang.reflect.Method.invoke(Method.java:606)
	at org.junit.runners.model.FrameworkMethod$1.runReflectiveCall(FrameworkMethod.java:44)
	at org.junit.internal.runners.model.ReflectiveCallable.run(ReflectiveCallable.java:15)
	at org.junit.runners.model.FrameworkMethod.invokeExplosively(FrameworkMethod.java:41)
	at org.junit.internal.runners.statements.InvokeMethod.evaluate(InvokeMethod.java:20)
	at org.junit.internal.runners.statements.RunBefores.evaluate(RunBefores.java:28)
	at org.springframework.test.context.junit4.statements.RunBeforeTestMethodCallbacks.evaluate(RunBeforeTestMethodCallbacks.java:74)
	at org.junit.internal.runners.statements.RunAfters.evaluate(RunAfters.java:31)
	at org.springframework.test.context.junit4.statements.RunAfterTestMethodCallbacks.evaluate(RunAfterTestMethodCallbacks.java:83)
	at org.springframework.test.context.junit4.statements.SpringRepeat.evaluate(SpringRepeat.java:72)
	at org.springframework.test.context.junit4.SpringJUnit4ClassRunner.runChild(SpringJUnit4ClassRunner.java:231)
	at org.springframework.test.context.junit4.SpringJUnit4ClassRunner.runChild(SpringJUnit4ClassRunner.java:88)
	at org.junit.runners.ParentRunner.runChildren(ParentRunner.java:180)
	at org.junit.runners.ParentRunner.access$000(ParentRunner.java:41)
	at org.junit.runners.ParentRunner$1.evaluate(ParentRunner.java:173)
	at org.junit.internal.runners.statements.RunBefores.evaluate(RunBefores.java:28)
	at org.springframework.test.context.junit4.statements.RunBeforeTestClassCallbacks.evaluate(RunBeforeTestClassCallbacks.java:61)
	at org.junit.internal.runners.statements.RunAfters.evaluate(RunAfters.java:31)
	at org.springframework.test.context.junit4.statements.RunAfterTestClassCallbacks.evaluate(RunAfterTestClassCallbacks.java:71)
	at org.junit.runners.ParentRunner.run(ParentRunner.java:220)
	at org.springframework.test.context.junit4.SpringJUnit4ClassRunner.run(SpringJUnit4ClassRunner.java:174)
	at junit.framework.JUnit4TestAdapter.run(JUnit4TestAdapter.java:39)
	at org.apache.tools.ant.taskdefs.optional.junit.JUnitTestRunner.run(JUnitTestRunner.java:523)
	at org.apache.tools.ant.taskdefs.optional.junit.JUnitTestRunner.launch(JUnitTestRunner.java:1063)
	at org.apache.tools.ant.taskdefs.optional.junit.JUnitTestRunner.main(JUnitTestRunner.java:914)
2016-11-20 11:47:07,984 INFO  TransactionalTestExecutionListener - Rolled back transaction after test execution for test context [TestContext@173ad86 testClass = QuestionControllerTest, testInstance = com.augmentum.controller.QuestionControllerTest@10d1875, testMethod = getQuestionValidationFailed2@QuestionControllerTest, testException = [null], mergedContextConfiguration = [MergedContextConfiguration@16b9ae8 testClass = QuestionControllerTest, locations = '{classpath:applicationContext.xml, classpath:oes-mvc.xml}', classes = '{}', contextInitializerClasses = '[]', activeProfiles = '{}', contextLoader = 'org.springframework.test.context.support.DelegatingSmartContextLoader', parent = [null]]]
2016-11-20 11:47:07,984 INFO  TransactionalTestExecutionListener - Began transaction (16): transaction manager [org.springframework.jdbc.datasource.DataSourceTransactionManager@c06f9a]; rollback [true]
2016-11-20 11:47:07,984 INFO  LogMethodTimeAspect - Jasper.Yue IN method: getQuestion
2016-11-20 11:47:07,984 INFO  LogMethodTimeAspect - Jasper.Yue OUT method: getQuestion
2016-11-20 11:47:07,984 INFO  LogMethodTimeAspect - Jasper.Yue IN method: getQuestion Throw Exception Data validate error.
2016-11-20 11:47:07,984 INFO  BaseController - com.augmentum.model.User@1346bccData validate error.
com.augmentum.exception.ParamException: Data validate error.
	at com.augmentum.service.impl.QuestionServiceImpl.getQuestion(QuestionServiceImpl.java:100)
	at com.augmentum.service.impl.QuestionServiceImpl$$FastClassByCGLIB$$d7ca49cc.invoke(<generated>)
	at net.sf.cglib.proxy.MethodProxy.invoke(MethodProxy.java:191)
	at org.springframework.aop.framework.Cglib2AopProxy$CglibMethodInvocation.invokeJoinpoint(Cglib2AopProxy.java:689)
	at org.springframework.aop.framework.ReflectiveMethodInvocation.proceed(ReflectiveMethodInvocation.java:150)
	at org.springframework.aop.framework.adapter.MethodBeforeAdviceInterceptor.invoke(MethodBeforeAdviceInterceptor.java:50)
	at org.springframework.aop.framework.ReflectiveMethodInvocation.proceed(ReflectiveMethodInvocation.java:172)
	at org.springframework.aop.aspectj.MethodInvocationProceedingJoinPoint.proceed(MethodInvocationProceedingJoinPoint.java:80)
	at com.augmentum.advice.LogMethodTimeAspect.doAround(LogMethodTimeAspect.java:31)
	at sun.reflect.NativeMethodAccessorImpl.invoke0(Native Method)
	at sun.reflect.NativeMethodAccessorImpl.invoke(NativeMethodAccessorImpl.java:57)
	at sun.reflect.DelegatingMethodAccessorImpl.invoke(DelegatingMethodAccessorImpl.java:43)
	at java.lang.reflect.Method.invoke(Method.java:606)
	at org.springframework.aop.aspectj.AbstractAspectJAdvice.invokeAdviceMethodWithGivenArgs(AbstractAspectJAdvice.java:621)
	at org.springframework.aop.aspectj.AbstractAspectJAdvice.invokeAdviceMethod(AbstractAspectJAdvice.java:610)
	at org.springframework.aop.aspectj.AspectJAroundAdvice.invoke(AspectJAroundAdvice.java:65)
	at org.springframework.aop.framework.ReflectiveMethodInvocation.proceed(ReflectiveMethodInvocation.java:172)
	at org.springframework.aop.aspectj.AspectJAfterAdvice.invoke(AspectJAfterAdvice.java:42)
	at org.springframework.aop.framework.ReflectiveMethodInvocation.proceed(ReflectiveMethodInvocation.java:172)
	at org.springframework.aop.aspectj.AspectJAfterThrowingAdvice.invoke(AspectJAfterThrowingAdvice.java:55)
	at org.springframework.aop.framework.ReflectiveMethodInvocation.proceed(ReflectiveMethodInvocation.java:172)
	at org.springframework.aop.interceptor.ExposeInvocationInterceptor.invoke(ExposeInvocationInterceptor.java:90)
	at org.springframework.aop.framework.ReflectiveMethodInvocation.proceed(ReflectiveMethodInvocation.java:172)
	at org.springframework.aop.framework.Cglib2AopProxy$DynamicAdvisedInterceptor.intercept(Cglib2AopProxy.java:622)
	at com.augmentum.service.impl.QuestionServiceImpl$$EnhancerByCGLIB$$afbbb483.getQuestion(<generated>)
	at com.augmentum.controller.QuestionController.toEdit(QuestionController.java:41)
	at com.augmentum.controller.QuestionControllerTest.getQuestionValidationFailed1(Unknown Source)
	at sun.reflect.NativeMethodAccessorImpl.invoke0(Native Method)
	at sun.reflect.NativeMethodAccessorImpl.invoke(NativeMethodAccessorImpl.java:57)
	at sun.reflect.DelegatingMethodAccessorImpl.invoke(DelegatingMethodAccessorImpl.java:43)
	at java.lang.reflect.Method.invoke(Method.java:606)
	at org.junit.runners.model.FrameworkMethod$1.runReflectiveCall(FrameworkMethod.java:44)
	at org.junit.internal.runners.model.ReflectiveCallable.run(ReflectiveCallable.java:15)
	at org.junit.runners.model.FrameworkMethod.invokeExplosively(FrameworkMethod.java:41)
	at org.junit.internal.runners.statements.InvokeMethod.evaluate(InvokeMethod.java:20)
	at org.junit.internal.runners.statements.RunBefores.evaluate(RunBefores.java:28)
	at org.springframework.test.context.junit4.statements.RunBeforeTestMethodCallbacks.evaluate(RunBeforeTestMethodCallbacks.java:74)
	at org.junit.internal.runners.statements.RunAfters.evaluate(RunAfters.java:31)
	at org.springframework.test.context.junit4.statements.RunAfterTestMethodCallbacks.evaluate(RunAfterTestMethodCallbacks.java:83)
	at org.springframework.test.context.junit4.statements.SpringRepeat.evaluate(SpringRepeat.java:72)
	at org.springframework.test.context.junit4.SpringJUnit4ClassRunner.runChild(SpringJUnit4ClassRunner.java:231)
	at org.springframework.test.context.junit4.SpringJUnit4ClassRunner.runChild(SpringJUnit4ClassRunner.java:88)
	at org.junit.runners.ParentRunner.runChildren(ParentRunner.java:180)
	at org.junit.runners.ParentRunner.access$000(ParentRunner.java:41)
	at org.junit.runners.ParentRunner$1.evaluate(ParentRunner.java:173)
	at org.junit.internal.runners.statements.RunBefores.evaluate(RunBefores.java:28)
	at org.springframework.test.context.junit4.statements.RunBeforeTestClassCallbacks.evaluate(RunBeforeTestClassCallbacks.java:61)
	at org.junit.internal.runners.statements.RunAfters.evaluate(RunAfters.java:31)
	at org.springframework.test.context.junit4.statements.RunAfterTestClassCallbacks.evaluate(RunAfterTestClassCallbacks.java:71)
	at org.junit.runners.ParentRunner.run(ParentRunner.java:220)
	at org.springframework.test.context.junit4.SpringJUnit4ClassRunner.run(SpringJUnit4ClassRunner.java:174)
	at junit.framework.JUnit4TestAdapter.run(JUnit4TestAdapter.java:39)
	at org.apache.tools.ant.taskdefs.optional.junit.JUnitTestRunner.run(JUnitTestRunner.java:523)
	at org.apache.tools.ant.taskdefs.optional.junit.JUnitTestRunner.launch(JUnitTestRunner.java:1063)
	at org.apache.tools.ant.taskdefs.optional.junit.JUnitTestRunner.main(JUnitTestRunner.java:914)
2016-11-20 11:47:07,984 INFO  TransactionalTestExecutionListener - Rolled back transaction after test execution for test context [TestContext@173ad86 testClass = QuestionControllerTest, testInstance = com.augmentum.controller.QuestionControllerTest@11fe9e0, testMethod = getQuestionValidationFailed1@QuestionControllerTest, testException = [null], mergedContextConfiguration = [MergedContextConfiguration@16b9ae8 testClass = QuestionControllerTest, locations = '{classpath:applicationContext.xml, classpath:oes-mvc.xml}', classes = '{}', contextInitializerClasses = '[]', activeProfiles = '{}', contextLoader = 'org.springframework.test.context.support.DelegatingSmartContextLoader', parent = [null]]]
]]></system-out>
  <system-err><![CDATA[]]></system-err>
</testsuite>
